Started GET "/" for 127.0.0.1 at 2023-11-16 11:48:31 +0100
  [1m[35m (5.1ms)[0m  [1m[35mCREATE TABLE "schema_migrations" ("version" varchar NOT NULL PRIMARY KEY)[0m
  [1m[35m (0.2ms)[0m  [1m[35mCREATE TABLE "ar_internal_metadata" ("key" varchar NOT NULL PRIMARY KEY, "value" varchar, "created_at" datetime(6) NOT NULL, "updated_at" datetime(6) NOT NULL)[0m
  [1m[36mActiveRecord::SchemaMigration Load (0.2ms)[0m  [1m[34mSELECT "schema_migrations"."version" FROM "schema_migrations" ORDER BY "schema_migrations"."version" ASC[0m
Processing by Rails::WelcomeController#index as HTML
  Rendering C:/Softwares/Ruby32-x64/lib/ruby/gems/3.2.0/gems/railties-7.1.2/lib/rails/templates/rails/welcome/index.html.erb
  Rendered C:/Softwares/Ruby32-x64/lib/ruby/gems/3.2.0/gems/railties-7.1.2/lib/rails/templates/rails/welcome/index.html.erb (Duration: 1.0ms | Allocations: 364)
Completed 200 OK in 117ms (Views: 22.6ms | ActiveRecord: 0.0ms | Allocations: 9014)


Started GET "/home" for 127.0.0.1 at 2023-11-16 11:49:56 +0100
  
ActionController::RoutingError (No route matches [GET] "/home"):
  
Started GET "/" for 127.0.0.1 at 2023-11-16 11:50:42 +0100
  
ArgumentError (Missing :controller key on routes definition, please check your routes.):
  
config/routes.rb:2:in `block in <main>'
config/routes.rb:1:in `<main>'
Started GET "/" for 127.0.0.1 at 2023-11-16 11:50:55 +0100
  
ArgumentError (Missing :controller key on routes definition, please check your routes.):
  
config/routes.rb:2:in `block in <main>'
config/routes.rb:1:in `<main>'
Started GET "/" for 127.0.0.1 at 2023-11-16 11:51:32 +0100
Processing by HomeController#index as HTML
  Rendering layout layouts/application.html.erb
  Rendering home/index.html.erb within layouts/application
  Rendered home/index.html.erb within layouts/application (Duration: 0.6ms | Allocations: 79)
  Rendered layout layouts/application.html.erb (Duration: 416.7ms | Allocations: 89682)
Completed 500 Internal Server Error in 428ms (ActiveRecord: 0.0ms | Allocations: 90637)


  
ActionView::Template::Error (Permission denied @ rb_file_s_rename - (C:/Users/lpesek/Documents/Projekty/tutorial/Ruby/rubydev/oop/tmp/cache/assets/sprockets/v4.0.0/cH/cHSXtg7cIj-jzK5Ay1yr9X4d7eM8NR3Liwv--5Z5F1M.cache.35760.4412.992403, C:/Users/lpesek/Documents/Projekty/tutorial/Ruby/rubydev/oop/tmp/cache/assets/sprockets/v4.0.0/cH/cHSXtg7cIj-jzK5Ay1yr9X4d7eM8NR3Liwv--5Z5F1M.cache)):
  
sprockets (4.2.1) lib/sprockets/path_utils.rb:362:in `rename'
sprockets (4.2.1) lib/sprockets/path_utils.rb:362:in `atomic_write'
sprockets (4.2.1) lib/sprockets/cache/file_store.rb:112:in `set'
sprockets (4.2.1) lib/sprockets/cache.rb:227:in `set'
sprockets (4.2.1) lib/sprockets/cache.rb:143:in `set'
sprockets (4.2.1) lib/sprockets/loader.rb:265:in `store_asset'
sprockets (4.2.1) lib/sprockets/loader.rb:228:in `load_from_unloaded'
sprockets (4.2.1) lib/sprockets/loader.rb:59:in `block in load'
sprockets (4.2.1) lib/sprockets/loader.rb:339:in `fetch_asset_from_dependency_cache'
sprockets (4.2.1) lib/sprockets/loader.rb:43:in `load'
sprockets (4.2.1) lib/sprockets/cached_environment.rb:44:in `block in load'
concurrent-ruby (1.2.2) lib/concurrent-ruby/concurrent/map.rb:207:in `block in fetch_or_store'
concurrent-ruby (1.2.2) lib/concurrent-ruby/concurrent/map.rb:187:in `fetch'
concurrent-ruby (1.2.2) lib/concurrent-ruby/concurrent/map.rb:206:in `fetch_or_store'
sprockets (4.2.1) lib/sprockets/cached_environment.rb:44:in `load'
sprockets (4.2.1) lib/sprockets/context.rb:117:in `load'
sprockets (4.2.1) lib/sprockets/context.rb:145:in `depend_on_asset'
sprockets (4.2.1) lib/sprockets/context.rb:185:in `link_asset'
sprockets-rails (3.4.2) lib/sprockets/rails/context.rb:27:in `compute_asset_path'
actionview (7.1.2) lib/action_view/helpers/asset_url_helper.rb:204:in `asset_path'
sprockets-rails (3.4.2) lib/sprockets/rails/sourcemapping_url_processor.rb:41:in `sourcemap_asset_path'
sprockets-rails (3.4.2) lib/sprockets/rails/sourcemapping_url_processor.rb:34:in `resolved_sourcemap_comment'
sprockets-rails (3.4.2) lib/sprockets/rails/sourcemapping_url_processor.rb:15:in `block in call'
sprockets-rails (3.4.2) lib/sprockets/rails/sourcemapping_url_processor.rb:11:in `gsub'
sprockets-rails (3.4.2) lib/sprockets/rails/sourcemapping_url_processor.rb:11:in `call'
sprockets (4.2.1) lib/sprockets/processor_utils.rb:84:in `call_processor'
sprockets (4.2.1) lib/sprockets/processor_utils.rb:66:in `block in call_processors'
sprockets (4.2.1) lib/sprockets/processor_utils.rb:65:in `reverse_each'
sprockets (4.2.1) lib/sprockets/processor_utils.rb:65:in `call_processors'
sprockets (4.2.1) lib/sprockets/loader.rb:184:in `load_from_unloaded'
sprockets (4.2.1) lib/sprockets/loader.rb:59:in `block in load'
sprockets (4.2.1) lib/sprockets/loader.rb:339:in `fetch_asset_from_dependency_cache'
sprockets (4.2.1) lib/sprockets/loader.rb:43:in `load'
sprockets (4.2.1) lib/sprockets/cached_environment.rb:44:in `block in load'
concurrent-ruby (1.2.2) lib/concurrent-ruby/concurrent/map.rb:207:in `block in fetch_or_store'
concurrent-ruby (1.2.2) lib/concurrent-ruby/concurrent/map.rb:187:in `fetch'
concurrent-ruby (1.2.2) lib/concurrent-ruby/concurrent/map.rb:206:in `fetch_or_store'
sprockets (4.2.1) lib/sprockets/cached_environment.rb:44:in `load'
sprockets (4.2.1) lib/sprockets/bundle.rb:27:in `call'
sprockets (4.2.1) lib/sprockets/processor_utils.rb:84:in `call_processor'
sprockets (4.2.1) lib/sprockets/processor_utils.rb:66:in `block in call_processors'
sprockets (4.2.1) lib/sprockets/processor_utils.rb:65:in `reverse_each'
sprockets (4.2.1) lib/sprockets/processor_utils.rb:65:in `call_processors'
sprockets (4.2.1) lib/sprockets/loader.rb:184:in `load_from_unloaded'
sprockets (4.2.1) lib/sprockets/loader.rb:59:in `block in load'
sprockets (4.2.1) lib/sprockets/loader.rb:339:in `fetch_asset_from_dependency_cache'
sprockets (4.2.1) lib/sprockets/loader.rb:43:in `load'
sprockets (4.2.1) lib/sprockets/cached_environment.rb:44:in `block in load'
concurrent-ruby (1.2.2) lib/concurrent-ruby/concurrent/map.rb:207:in `block in fetch_or_store'
concurrent-ruby (1.2.2) lib/concurrent-ruby/concurrent/map.rb:187:in `fetch'
concurrent-ruby (1.2.2) lib/concurrent-ruby/concurrent/map.rb:206:in `fetch_or_store'
sprockets (4.2.1) lib/sprockets/cached_environment.rb:44:in `load'
sprockets (4.2.1) lib/sprockets/base.rb:81:in `find_asset'
sprockets (4.2.1) lib/sprockets/base.rb:88:in `find_all_linked_assets'
sprockets (4.2.1) lib/sprockets/manifest.rb:125:in `each'
sprockets (4.2.1) lib/sprockets/manifest.rb:125:in `to_a'
sprockets (4.2.1) lib/sprockets/manifest.rb:125:in `block (2 levels) in find'
concurrent-ruby (1.2.2) lib/concurrent-ruby/concurrent/executor/safe_task_executor.rb:24:in `block in execute'
concurrent-ruby (1.2.2) lib/concurrent-ruby/concurrent/synchronization/mutex_lockable_object.rb:48:in `block in synchronize'
concurrent-ruby (1.2.2) lib/concurrent-ruby/concurrent/synchronization/mutex_lockable_object.rb:48:in `synchronize'
concurrent-ruby (1.2.2) lib/concurrent-ruby/concurrent/synchronization/mutex_lockable_object.rb:48:in `synchronize'
concurrent-ruby (1.2.2) lib/concurrent-ruby/concurrent/executor/safe_task_executor.rb:22:in `execute'
concurrent-ruby (1.2.2) lib/concurrent-ruby/concurrent/promise.rb:564:in `block in realize'
concurrent-ruby (1.2.2) lib/concurrent-ruby/concurrent/executor/ruby_thread_pool_executor.rb:352:in `run_task'
concurrent-ruby (1.2.2) lib/concurrent-ruby/concurrent/executor/ruby_thread_pool_executor.rb:343:in `block (3 levels) in create_worker'
concurrent-ruby (1.2.2) lib/concurrent-ruby/concurrent/executor/ruby_thread_pool_executor.rb:334:in `loop'
concurrent-ruby (1.2.2) lib/concurrent-ruby/concurrent/executor/ruby_thread_pool_executor.rb:334:in `block (2 levels) in create_worker'
concurrent-ruby (1.2.2) lib/concurrent-ruby/concurrent/executor/ruby_thread_pool_executor.rb:333:in `catch'
concurrent-ruby (1.2.2) lib/concurrent-ruby/concurrent/executor/ruby_thread_pool_executor.rb:333:in `block in create_worker'
Started GET "/" for 127.0.0.1 at 2023-11-16 11:53:53 +0100
Processing by HomeController#index as HTML
  Rendering layout layouts/application.html.erb
  Rendering home/index.html.erb within layouts/application
  Rendered home/index.html.erb within layouts/application (Duration: 0.0ms | Allocations: 6)
  Rendered layout layouts/application.html.erb (Duration: 103.5ms | Allocations: 36231)
Completed 200 OK in 107ms (Views: 104.6ms | ActiveRecord: 0.0ms | Allocations: 36503)


Started GET "/" for 127.0.0.1 at 2023-11-16 11:54:09 +0100
Processing by HomeController#index as HTML
  Rendering layout layouts/application.html.erb
  Rendering home/index.html.erb within layouts/application
  Rendered home/index.html.erb within layouts/application (Duration: 0.3ms | Allocations: 81)
  Rendered layout layouts/application.html.erb (Duration: 65.7ms | Allocations: 17457)
Completed 200 OK in 77ms (Views: 72.2ms | ActiveRecord: 0.0ms | Allocations: 18369)


Started GET "/" for 127.0.0.1 at 2023-11-16 11:54:16 +0100
Processing by HomeController#index as HTML
  Rendering layout layouts/application.html.erb
  Rendering home/index.html.erb within layouts/application
  Rendered home/index.html.erb within layouts/application (Duration: 0.3ms | Allocations: 81)
  Rendered layout layouts/application.html.erb (Duration: 27.9ms | Allocations: 14343)
Completed 200 OK in 38ms (Views: 33.7ms | ActiveRecord: 0.0ms | Allocations: 15251)


Started GET "/" for 127.0.0.1 at 2023-11-16 12:30:35 +0100
Processing by HomeController#index as HTML
  Rendering layout layouts/application.html.erb
  Rendering home/index.html.erb within layouts/application
  Rendered home/index.html.erb within layouts/application (Duration: 0.4ms | Allocations: 93)
  Rendered layout layouts/application.html.erb (Duration: 87.9ms | Allocations: 14367)
Completed 200 OK in 112ms (Views: 106.3ms | ActiveRecord: 0.0ms | Allocations: 15275)


Started GET "/" for 127.0.0.1 at 2023-11-16 12:30:53 +0100
Processing by HomeController#index as HTML
  Rendering layout layouts/application.html.erb
  Rendering home/index.html.erb within layouts/application
  Rendered home/index.html.erb within layouts/application (Duration: 0.0ms | Allocations: 7)
  Rendered layout layouts/application.html.erb (Duration: 8.3ms | Allocations: 2194)
Completed 200 OK in 12ms (Views: 9.3ms | ActiveRecord: 0.0ms | Allocations: 2453)


Started GET "/" for 127.0.0.1 at 2023-11-16 12:30:56 +0100
Processing by HomeController#index as HTML
  Rendering layout layouts/application.html.erb
  Rendering home/index.html.erb within layouts/application
  Rendered home/index.html.erb within layouts/application (Duration: 0.0ms | Allocations: 7)
  Rendered layout layouts/application.html.erb (Duration: 6.5ms | Allocations: 2194)
Completed 200 OK in 10ms (Views: 7.4ms | ActiveRecord: 0.0ms | Allocations: 2453)


Started GET "/" for 127.0.0.1 at 2023-11-16 12:31:13 +0100
Processing by HomeController#index as HTML
  Rendering layout layouts/application.html.erb
  Rendering home/index.html.erb within layouts/application
  Rendered home/index.html.erb within layouts/application (Duration: 0.3ms | Allocations: 93)
  Rendered layout layouts/application.html.erb (Duration: 30.8ms | Allocations: 14349)
Completed 200 OK in 41ms (Views: 36.7ms | ActiveRecord: 0.0ms | Allocations: 15260)


Started GET "/" for 127.0.0.1 at 2023-11-16 12:31:26 +0100
Processing by HomeController#index as HTML
  Rendering layout layouts/application.html.erb
  Rendering home/index.html.erb within layouts/application
  Rendered home/index.html.erb within layouts/application (Duration: 0.4ms | Allocations: 75)
  Rendered layout layouts/application.html.erb (Duration: 29.5ms | Allocations: 14342)
Completed 200 OK in 39ms (Views: 35.2ms | ActiveRecord: 0.0ms | Allocations: 15250)


Started GET "/" for 127.0.0.1 at 2023-11-16 12:57:51 +0100
Processing by HomeController#index as HTML
  Rendering layout layouts/application.html.erb
  Rendering home/index.html.erb within layouts/application
  Rendered home/index.html.erb within layouts/application (Duration: 0.3ms | Allocations: 75)
  Rendered layout layouts/application.html.erb (Duration: 32.9ms | Allocations: 14349)
Completed 200 OK in 43ms (Views: 38.6ms | ActiveRecord: 0.0ms | Allocations: 15257)


Started GET "/" for 127.0.0.1 at 2023-11-16 12:58:06 +0100
Processing by HomeController#index as HTML
  Rendering layout layouts/application.html.erb
  Rendering home/index.html.erb within layouts/application
  Rendered home/index.html.erb within layouts/application (Duration: 0.4ms | Allocations: 75)
  Rendered layout layouts/application.html.erb (Duration: 30.8ms | Allocations: 14339)
Completed 200 OK in 59ms (Views: 40.2ms | ActiveRecord: 0.0ms | Allocations: 15408)


Started GET "/" for 127.0.0.1 at 2023-11-16 13:01:10 +0100
Processing by HomeController#index as HTML
  Rendering layout layouts/application.html.erb
  Rendering home/index.html.erb within layouts/application
  Rendered home/index.html.erb within layouts/application (Duration: 0.4ms | Allocations: 75)
  Rendered layout layouts/application.html.erb (Duration: 39.7ms | Allocations: 14335)
Completed 200 OK in 58ms (Views: 48.9ms | ActiveRecord: 0.0ms | Allocations: 15400)


Started GET "/" for 127.0.0.1 at 2023-11-16 13:02:45 +0100
Processing by HomeController#index as HTML
Completed 500 Internal Server Error in 4ms (ActiveRecord: 0.0ms | Allocations: 523)


  
ArgumentError (wrong number of arguments (given 0, expected 1)):
  
app/controllers/zvire.rb:4:in `initialize'
app/controllers/home_controller.rb:3:in `new'
app/controllers/home_controller.rb:3:in `index'
Started GET "/" for 127.0.0.1 at 2023-11-16 13:02:58 +0100
Processing by HomeController#index as HTML
  Rendering layout layouts/application.html.erb
  Rendering home/index.html.erb within layouts/application
  Rendered home/index.html.erb within layouts/application (Duration: 0.3ms | Allocations: 75)
  Rendered layout layouts/application.html.erb (Duration: 28.0ms | Allocations: 14357)
Completed 200 OK in 41ms (Views: 34.2ms | ActiveRecord: 0.0ms | Allocations: 15350)


Started GET "/" for 127.0.0.1 at 2023-11-16 13:07:25 +0100
Processing by HomeController#index as HTML
Completed 500 Internal Server Error in 7ms (ActiveRecord: 0.0ms | Allocations: 598)


  
NoMethodError (undefined method `attr_reader' for main:Object):
  
app/controllers/zvire.rb:2:in `<main>'
app/controllers/home_controller.rb:3:in `index'
Started GET "/" for 127.0.0.1 at 2023-11-16 13:08:26 +0100
Processing by HomeController#index as HTML
  Rendering layout layouts/application.html.erb
  Rendering home/index.html.erb within layouts/application
  Rendered home/index.html.erb within layouts/application (Duration: 0.4ms | Allocations: 75)
  Rendered layout layouts/application.html.erb (Duration: 27.8ms | Allocations: 14322)
Completed 200 OK in 43ms (Views: 34.7ms | ActiveRecord: 0.0ms | Allocations: 15380)


Started GET "/" for 127.0.0.1 at 2023-11-16 13:10:22 +0100
Processing by HomeController#index as HTML
  Rendering layout layouts/application.html.erb
  Rendering home/index.html.erb within layouts/application
  Rendered home/index.html.erb within layouts/application (Duration: 0.3ms | Allocations: 75)
  Rendered layout layouts/application.html.erb (Duration: 32.1ms | Allocations: 14334)
Completed 200 OK in 48ms (Views: 38.3ms | ActiveRecord: 0.0ms | Allocations: 15406)


Started GET "/" for 127.0.0.1 at 2023-11-16 13:12:51 +0100
Processing by HomeController#index as HTML
  Rendering layout layouts/application.html.erb
  Rendering home/index.html.erb within layouts/application
  Rendered home/index.html.erb within layouts/application (Duration: 0.3ms | Allocations: 75)
  Rendered layout layouts/application.html.erb (Duration: 29.2ms | Allocations: 14339)
Completed 200 OK in 90ms (Views: 35.5ms | ActiveRecord: 0.0ms | Allocations: 15422)


Started GET "/" for 127.0.0.1 at 2023-11-16 13:13:07 +0100
Processing by HomeController#index as HTML
  Rendering layout layouts/application.html.erb
  Rendering home/index.html.erb within layouts/application
  Rendered home/index.html.erb within layouts/application (Duration: 0.4ms | Allocations: 75)
  Rendered layout layouts/application.html.erb (Duration: 30.1ms | Allocations: 14335)
Completed 200 OK in 48ms (Views: 38.0ms | ActiveRecord: 0.0ms | Allocations: 15415)


Started GET "/" for 127.0.0.1 at 2023-11-16 13:16:32 +0100
Processing by HomeController#index as HTML
Completed 500 Internal Server Error in 8ms (ActiveRecord: 0.0ms | Allocations: 657)


  
NameError (uninitialized constant HomeController::Pes):
  
app/controllers/home_controller.rb:8:in `index'
Started GET "/" for 127.0.0.1 at 2023-11-16 13:16:48 +0100
Processing by HomeController#index as HTML
Completed 500 Internal Server Error in 5ms (ActiveRecord: 0.0ms | Allocations: 628)


  
NameError (uninitialized constant HomeController::Pes):
  
app/controllers/home_controller.rb:8:in `index'
Started GET "/" for 127.0.0.1 at 2023-11-16 13:16:55 +0100
Processing by HomeController#index as HTML
Completed 500 Internal Server Error in 4ms (ActiveRecord: 0.0ms | Allocations: 474)


  
NameError (uninitialized constant HomeController::Pes):
  
app/controllers/home_controller.rb:8:in `index'
Started GET "/" for 127.0.0.1 at 2023-11-16 13:17:10 +0100
Processing by HomeController#index as HTML
Completed 500 Internal Server Error in 5ms (ActiveRecord: 0.0ms | Allocations: 570)


  
NameError (uninitialized constant HomeController::Pes):
  
app/controllers/home_controller.rb:8:in `index'
Started GET "/" for 127.0.0.1 at 2023-11-16 13:17:19 +0100
Processing by HomeController#index as HTML
Completed 500 Internal Server Error in 5ms (ActiveRecord: 0.0ms | Allocations: 628)


  
NameError (uninitialized constant HomeController::Pes):
  
app/controllers/home_controller.rb:8:in `index'
Started GET "/" for 127.0.0.1 at 2023-11-16 13:17:45 +0100
Processing by HomeController#index as HTML
Completed 500 Internal Server Error in 21ms (ActiveRecord: 0.0ms | Allocations: 651)


  
NameError (uninitialized constant HomeController::Pes):
  
app/controllers/home_controller.rb:8:in `index'
Started GET "/" for 127.0.0.1 at 2023-11-16 13:17:49 +0100
Processing by HomeController#index as HTML
Completed 500 Internal Server Error in 5ms (ActiveRecord: 0.0ms | Allocations: 474)


  
NameError (uninitialized constant HomeController::Pes):
  
app/controllers/home_controller.rb:8:in `index'
Started GET "/" for 127.0.0.1 at 2023-11-16 13:19:31 +0100
Processing by HomeController#index as HTML
  Rendering layout layouts/application.html.erb
  Rendering home/index.html.erb within layouts/application
  Rendered home/index.html.erb within layouts/application (Duration: 0.3ms | Allocations: 75)
  Rendered layout layouts/application.html.erb (Duration: 31.8ms | Allocations: 14355)
Completed 200 OK in 53ms (Views: 38.3ms | ActiveRecord: 0.0ms | Allocations: 15478)


Started GET "/" for 127.0.0.1 at 2023-11-16 13:21:04 +0100
Processing by HomeController#index as HTML
Completed 500 Internal Server Error in 7ms (ActiveRecord: 0.0ms | Allocations: 651)


  
TypeError (superclass mismatch for class Pes):
  
app/controllers/zvire.rb:12:in `<main>'
app/controllers/home_controller.rb:3:in `index'
Started GET "/" for 127.0.0.1 at 2023-11-16 13:22:30 +0100
Processing by HomeController#index as HTML
Completed 500 Internal Server Error in 5ms (ActiveRecord: 0.0ms | Allocations: 901)


  
SyntaxError (C:/Users/lpesek/Documents/Projekty/tutorial/Ruby/rubydev/oop/app/controllers/zvire.rb:15: syntax error, unexpected local variable or method, expecting ';' or '\n'
  def initialize barva zvuk
                       ^~~~
C:/Users/lpesek/Documents/Projekty/tutorial/Ruby/rubydev/oop/app/controllers/zvire.rb:19: syntax error, unexpected `end'):
  
app/controllers/zvire.rb:15: syntax error, unexpected local variable or method, expecting ';' or '\n'
app/controllers/zvire.rb:19: syntax error, unexpected `end'
app/controllers/home_controller.rb:3:in `index'
Started GET "/" for 127.0.0.1 at 2023-11-16 13:22:44 +0100
Processing by HomeController#index as HTML
Completed 500 Internal Server Error in 54ms (ActiveRecord: 0.0ms | Allocations: 702)


  
TypeError (superclass mismatch for class Pes):
  
app/controllers/zvire.rb:12:in `<main>'
app/controllers/home_controller.rb:3:in `index'
Started GET "/" for 127.0.0.1 at 2023-11-16 13:23:42 +0100
Processing by HomeController#index as HTML
Completed 500 Internal Server Error in 29ms (ActiveRecord: 0.0ms | Allocations: 643)


  
TypeError (superclass mismatch for class Pes):
  
app/controllers/zvire.rb:12:in `<main>'
app/controllers/home_controller.rb:3:in `index'
Started GET "/" for 127.0.0.1 at 2023-11-16 13:24:05 +0100
Processing by HomeController#index as HTML
Completed 500 Internal Server Error in 7ms (ActiveRecord: 0.0ms | Allocations: 701)


  
TypeError (superclass mismatch for class Pes):
  
app/controllers/zvire.rb:12:in `<main>'
app/controllers/home_controller.rb:3:in `index'
Started GET "/" for 127.0.0.1 at 2023-11-16 13:24:32 +0100
Processing by HomeController#index as HTML
Completed 500 Internal Server Error in 7ms (ActiveRecord: 0.0ms | Allocations: 643)


  
TypeError (superclass mismatch for class Pes):
  
app/controllers/zvire.rb:12:in `<main>'
app/controllers/home_controller.rb:3:in `index'
Started GET "/" for 127.0.0.1 at 2023-11-16 13:24:52 +0100
Processing by HomeController#index as HTML
Completed 500 Internal Server Error in 4ms (ActiveRecord: 0.0ms | Allocations: 614)


  
TypeError (superclass mismatch for class Pes):
  
app/controllers/zvire.rb:12:in `<main>'
app/controllers/home_controller.rb:3:in `index'
Started GET "/" for 127.0.0.1 at 2023-11-16 13:29:51 +0100
Processing by HomeController#index as HTML
Completed 500 Internal Server Error in 9ms (ActiveRecord: 0.0ms | Allocations: 667)


  
NameError (undefined local variable or method `s' for #<HomeController:0x00000000072290>):
  
app/controllers/home_controller.rb:9:in `index'
Started GET "/" for 127.0.0.1 at 2023-11-16 13:30:06 +0100
Processing by HomeController#index as HTML
Completed 500 Internal Server Error in 39ms (ActiveRecord: 0.0ms | Allocations: 701)


  
TypeError (superclass mismatch for class Pes):
  
app/controllers/zvire.rb:12:in `<main>'
app/controllers/home_controller.rb:3:in `index'
Started GET "/" for 127.0.0.1 at 2023-11-16 13:30:32 +0100
Processing by HomeController#index as HTML
Completed 500 Internal Server Error in 13ms (ActiveRecord: 0.0ms | Allocations: 643)


  
TypeError (superclass mismatch for class Pes):
  
app/controllers/zvire.rb:12:in `<main>'
app/controllers/home_controller.rb:3:in `index'
Started GET "/" for 127.0.0.1 at 2023-11-16 13:30:40 +0100
Processing by HomeController#index as HTML
Completed 500 Internal Server Error in 29ms (ActiveRecord: 0.0ms | Allocations: 700)


  
TypeError (superclass mismatch for class Pes):
  
app/controllers/zvire.rb:12:in `<main>'
app/controllers/home_controller.rb:3:in `index'
Started GET "/" for 127.0.0.1 at 2023-11-16 13:30:49 +0100
Processing by HomeController#index as HTML
Completed 500 Internal Server Error in 43ms (ActiveRecord: 0.0ms | Allocations: 701)


  
TypeError (superclass mismatch for class Pes):
  
app/controllers/zvire.rb:12:in `<main>'
app/controllers/home_controller.rb:3:in `index'
Started GET "/" for 127.0.0.1 at 2023-11-16 13:31:00 +0100
Processing by HomeController#index as HTML
Completed 500 Internal Server Error in 9ms (ActiveRecord: 0.0ms | Allocations: 699)


  
TypeError (superclass mismatch for class Pes):
  
app/controllers/zvire.rb:12:in `<main>'
app/controllers/home_controller.rb:3:in `index'
Started GET "/" for 127.0.0.1 at 2023-11-16 13:31:10 +0100
Processing by HomeController#index as HTML
Completed 500 Internal Server Error in 26ms (ActiveRecord: 0.0ms | Allocations: 644)


  
TypeError (superclass mismatch for class Pes):
  
app/controllers/zvire.rb:12:in `<main>'
app/controllers/home_controller.rb:3:in `index'
Started GET "/" for 127.0.0.1 at 2023-11-16 13:31:41 +0100
Processing by HomeController#index as HTML
Completed 500 Internal Server Error in 4ms (ActiveRecord: 0.0ms | Allocations: 556)


  
TypeError (superclass mismatch for class Pes):
  
app/controllers/zvire.rb:12:in `<main>'
app/controllers/home_controller.rb:3:in `index'
Started GET "/" for 127.0.0.1 at 2023-11-16 13:32:02 +0100
Processing by HomeController#index as HTML
Completed 500 Internal Server Error in 4ms (ActiveRecord: 0.0ms | Allocations: 614)


  
TypeError (superclass mismatch for class Pes):
  
app/controllers/zvire.rb:12:in `<main>'
app/controllers/home_controller.rb:3:in `index'
Started GET "/" for 127.0.0.1 at 2023-11-16 13:33:07 +0100
Processing by HomeController#index as HTML
Completed 500 Internal Server Error in 7ms (ActiveRecord: 0.0ms | Allocations: 639)


  
TypeError (superclass mismatch for class Pes):
  
app/controllers/zvire.rb:12:in `<main>'
app/controllers/home_controller.rb:3:in `index'
Started GET "/" for 127.0.0.1 at 2023-11-16 13:33:31 +0100
Processing by HomeController#index as HTML
Completed 500 Internal Server Error in 41ms (ActiveRecord: 0.0ms | Allocations: 702)


  
TypeError (superclass mismatch for class Pes):
  
app/controllers/zvire.rb:12:in `<main>'
app/controllers/home_controller.rb:3:in `index'
Started GET "/" for 127.0.0.1 at 2023-11-16 13:35:08 +0100
Processing by HomeController#index as HTML
Completed 500 Internal Server Error in 38ms (ActiveRecord: 0.0ms | Allocations: 639)


  
TypeError (superclass mismatch for class Pes):
  
app/controllers/zvire.rb:10:in `<main>'
app/controllers/home_controller.rb:3:in `index'
Started GET "/" for 127.0.0.1 at 2023-11-16 13:35:21 +0100
Processing by HomeController#index as HTML
Completed 500 Internal Server Error in 10ms (ActiveRecord: 0.0ms | Allocations: 701)


  
TypeError (superclass mismatch for class Pes):
  
app/controllers/zvire.rb:12:in `<main>'
app/controllers/home_controller.rb:3:in `index'
Started GET "/" for 127.0.0.1 at 2023-11-16 13:36:55 +0100
Processing by HomeController#index as HTML
Completed 500 Internal Server Error in 108ms (ActiveRecord: 0.0ms | Allocations: 9245)


  
TypeError (superclass mismatch for class Pes):
  
app/controllers/zvire.rb:12:in `<main>'
app/controllers/home_controller.rb:3:in `index'
Started GET "/" for 127.0.0.1 at 2023-11-16 13:37:25 +0100
Processing by HomeController#index as HTML
Completed 500 Internal Server Error in 9ms (ActiveRecord: 0.0ms | Allocations: 636)


  
NameError (undefined local variable or method `s' for #<HomeController:0x000000000a1e78>):
  
app/controllers/home_controller.rb:9:in `index'
Started GET "/" for 127.0.0.1 at 2023-11-16 13:37:35 +0100
Processing by HomeController#index as HTML
  Rendering layout layouts/application.html.erb
  Rendering home/index.html.erb within layouts/application
  Rendered home/index.html.erb within layouts/application (Duration: 0.5ms | Allocations: 75)
  Rendered layout layouts/application.html.erb (Duration: 29.6ms | Allocations: 14346)
Completed 200 OK in 42ms (Views: 35.5ms | ActiveRecord: 0.0ms | Allocations: 15364)


Started GET "/" for 127.0.0.1 at 2023-11-16 13:37:42 +0100
Processing by HomeController#index as HTML
Completed 500 Internal Server Error in 7ms (ActiveRecord: 0.0ms | Allocations: 701)


  
TypeError (superclass mismatch for class Pes):
  
app/controllers/zvire.rb:12:in `<main>'
app/controllers/home_controller.rb:3:in `index'
Started GET "/" for 127.0.0.1 at 2023-11-16 13:37:57 +0100
Processing by HomeController#index as HTML
  Rendering layout layouts/application.html.erb
  Rendering home/index.html.erb within layouts/application
  Rendered home/index.html.erb within layouts/application (Duration: 0.4ms | Allocations: 75)
  Rendered layout layouts/application.html.erb (Duration: 32.5ms | Allocations: 14339)
Completed 200 OK in 49ms (Views: 39.1ms | ActiveRecord: 0.0ms | Allocations: 15460)


Started GET "/" for 127.0.0.1 at 2023-11-16 13:38:22 +0100
Processing by HomeController#index as HTML
Completed 500 Internal Server Error in 57ms (ActiveRecord: 0.0ms | Allocations: 687)


  
TypeError (superclass mismatch for class Pes):
  
app/controllers/zvire.rb:13:in `<main>'
app/controllers/home_controller.rb:3:in `index'
Started GET "/" for 127.0.0.1 at 2023-11-16 13:38:46 +0100
Processing by HomeController#index as HTML
Completed 500 Internal Server Error in 46ms (ActiveRecord: 0.0ms | Allocations: 639)


  
TypeError (superclass mismatch for class Pes):
  
app/controllers/zvire.rb:13:in `<main>'
app/controllers/home_controller.rb:3:in `index'
Started GET "/" for 127.0.0.1 at 2023-11-16 13:38:53 +0100
Processing by HomeController#index as HTML
Completed 500 Internal Server Error in 48ms (ActiveRecord: 0.0ms | Allocations: 697)


  
TypeError (superclass mismatch for class Pes):
  
app/controllers/zvire.rb:13:in `<main>'
app/controllers/home_controller.rb:3:in `index'
Started GET "/" for 127.0.0.1 at 2023-11-16 13:39:06 +0100
Processing by HomeController#index as HTML
Completed 500 Internal Server Error in 50ms (ActiveRecord: 0.0ms | Allocations: 697)


  
TypeError (superclass mismatch for class Pes):
  
app/controllers/zvire.rb:13:in `<main>'
app/controllers/home_controller.rb:3:in `index'
Started GET "/" for 127.0.0.1 at 2023-11-16 13:39:16 +0100
Processing by HomeController#index as HTML
Completed 500 Internal Server Error in 7ms (ActiveRecord: 0.0ms | Allocations: 697)


  
TypeError (superclass mismatch for class Pes):
  
app/controllers/zvire.rb:13:in `<main>'
app/controllers/home_controller.rb:3:in `index'
Started GET "/" for 127.0.0.1 at 2023-11-16 13:41:03 +0100
Processing by HomeController#index as HTML
Completed 500 Internal Server Error in 3ms (ActiveRecord: 0.0ms | Allocations: 444)


  
NameError (uninitialized constant HomeController::Car):
  
app/controllers/home_controller.rb:4:in `index'
Started GET "/" for 127.0.0.1 at 2023-11-16 13:42:12 +0100
Processing by HomeController#index as HTML
  Rendering layout layouts/application.html.erb
  Rendering home/index.html.erb within layouts/application
  Rendered home/index.html.erb within layouts/application (Duration: 0.3ms | Allocations: 75)
  Rendered layout layouts/application.html.erb (Duration: 27.1ms | Allocations: 14340)
Completed 200 OK in 40ms (Views: 33.4ms | ActiveRecord: 0.0ms | Allocations: 15271)


Started GET "/" for 127.0.0.1 at 2023-11-16 13:42:33 +0100
  
Zeitwerk::NameError (expected file C:/Users/lpesek/Documents/Projekty/tutorial/Ruby/rubydev/oop/app/controllers/zvire.rb to define constant Zvire, but didn't):
  
app/controllers/home_controller.rb:15:in `<main>'
Started GET "/" for 127.0.0.1 at 2023-11-16 13:43:05 +0100
  
TypeError (superclass mismatch for class Pes):
  
app/controllers/home_controller.rb:18:in `<main>'
Started GET "/" for 127.0.0.1 at 2023-11-16 13:44:12 +0100
Processing by HomeController#index as HTML
Completed 500 Internal Server Error in 6ms (ActiveRecord: 0.0ms | Allocations: 635)


  
TypeError (superclass mismatch for class Pes):
  
app/controllers/zvire.rb:11:in `<main>'
app/controllers/home_controller.rb:3:in `index'
Started GET "/" for 127.0.0.1 at 2023-11-16 13:45:38 +0100
Processing by HomeController#index as HTML
  Rendering layout layouts/application.html.erb
  Rendering home/index.html.erb within layouts/application
  Rendered home/index.html.erb within layouts/application (Duration: 0.6ms | Allocations: 75)
  Rendered layout layouts/application.html.erb (Duration: 28.5ms | Allocations: 14341)
Completed 200 OK in 44ms (Views: 34.4ms | ActiveRecord: 0.0ms | Allocations: 15425)


Started GET "/" for 127.0.0.1 at 2023-11-16 13:45:50 +0100
Processing by HomeController#index as HTML
Completed 500 Internal Server Error in 5ms (ActiveRecord: 0.0ms | Allocations: 617)


  
NameError (undefined local variable or method `s' for #<HomeController:0x000000000d92d8>):
  
app/controllers/home_controller.rb:9:in `index'
Started GET "/" for 127.0.0.1 at 2023-11-16 13:46:20 +0100
Processing by HomeController#index as HTML
Completed 500 Internal Server Error in 5ms (ActiveRecord: 0.0ms | Allocations: 558)


  
NameError (undefined local variable or method `s' for #<HomeController:0x000000000dcfc8>):
  
app/controllers/home_controller.rb:9:in `index'
Started GET "/" for 127.0.0.1 at 2023-11-16 13:46:40 +0100
Processing by HomeController#index as HTML
Completed 500 Internal Server Error in 5ms (ActiveRecord: 0.0ms | Allocations: 616)


  
ArgumentError (malformed format string - %n):
  
app/controllers/home_controller.rb:9:in `%'
app/controllers/home_controller.rb:9:in `index'
Started GET "/" for 127.0.0.1 at 2023-11-16 13:46:56 +0100
Processing by HomeController#index as HTML
  Rendering layout layouts/application.html.erb
  Rendering home/index.html.erb within layouts/application
  Rendered home/index.html.erb within layouts/application (Duration: 0.8ms | Allocations: 75)
  Rendered layout layouts/application.html.erb (Duration: 36.5ms | Allocations: 14354)
Completed 200 OK in 50ms (Views: 42.8ms | ActiveRecord: 0.0ms | Allocations: 15379)


Started GET "/" for 127.0.0.1 at 2023-11-16 14:06:56 +0100
Processing by HomeController#index as HTML
  Rendering layout layouts/application.html.erb
  Rendering home/index.html.erb within layouts/application
  Rendered home/index.html.erb within layouts/application (Duration: 0.3ms | Allocations: 75)
  Rendered layout layouts/application.html.erb (Duration: 28.9ms | Allocations: 14334)
Completed 200 OK in 86ms (Views: 34.9ms | ActiveRecord: 0.0ms | Allocations: 15424)


Started GET "/" for 127.0.0.1 at 2023-11-16 14:11:49 +0100
Processing by HomeController#index as HTML
Completed 500 Internal Server Error in 9ms (ActiveRecord: 0.0ms | Allocations: 644)


  
NoMethodError (undefined method `metoda' for #<Pes:0x000002482fe07aa8 @barva="modrá", @zvuk="haf">):
  
app/controllers/home_controller.rb:11:in `index'
Started GET "/" for 127.0.0.1 at 2023-11-16 14:12:05 +0100
Processing by HomeController#index as HTML
  Rendering layout layouts/application.html.erb
  Rendering home/index.html.erb within layouts/application
  Rendered home/index.html.erb within layouts/application (Duration: 0.3ms | Allocations: 75)
  Rendered layout layouts/application.html.erb (Duration: 27.4ms | Allocations: 14343)
Completed 200 OK in 41ms (Views: 33.7ms | ActiveRecord: 0.0ms | Allocations: 15372)


Started GET "/" for 127.0.0.1 at 2023-11-16 14:12:41 +0100
Processing by HomeController#index as HTML
  Rendering layout layouts/application.html.erb
  Rendering home/index.html.erb within layouts/application
  Rendered home/index.html.erb within layouts/application (Duration: 0.5ms | Allocations: 75)
  Rendered layout layouts/application.html.erb (Duration: 38.6ms | Allocations: 14343)
Completed 200 OK in 63ms (Views: 48.0ms | ActiveRecord: 0.0ms | Allocations: 15446)


Started GET "/" for 127.0.0.1 at 2023-11-16 14:14:17 +0100
Processing by HomeController#index as HTML
  Rendering layout layouts/application.html.erb
  Rendering home/index.html.erb within layouts/application
  Rendered home/index.html.erb within layouts/application (Duration: 1.1ms | Allocations: 75)
  Rendered layout layouts/application.html.erb (Duration: 31.7ms | Allocations: 14346)
Completed 200 OK in 49ms (Views: 37.7ms | ActiveRecord: 0.0ms | Allocations: 15452)


Started GET "/" for 127.0.0.1 at 2023-11-16 14:16:53 +0100
Processing by HomeController#index as HTML
  Rendering layout layouts/application.html.erb
  Rendering home/index.html.erb within layouts/application
  Rendered home/index.html.erb within layouts/application (Duration: 0.0ms | Allocations: 6)
  Rendered layout layouts/application.html.erb (Duration: 7.5ms | Allocations: 2187)
Completed 200 OK in 15ms (Views: 8.6ms | ActiveRecord: 0.0ms | Allocations: 2464)


Started GET "/" for 127.0.0.1 at 2023-11-16 14:17:28 +0100
Processing by HomeController#index as HTML
  Rendering layout layouts/application.html.erb
  Rendering home/index.html.erb within layouts/application
  Rendered home/index.html.erb within layouts/application (Duration: 0.0ms | Allocations: 6)
  Rendered layout layouts/application.html.erb (Duration: 9.7ms | Allocations: 2184)
Completed 200 OK in 15ms (Views: 10.7ms | ActiveRecord: 0.0ms | Allocations: 2461)


Started GET "/" for 127.0.0.1 at 2023-11-16 14:17:41 +0100
Processing by HomeController#index as HTML
  Rendering layout layouts/application.html.erb
  Rendering home/index.html.erb within layouts/application
  Rendered home/index.html.erb within layouts/application (Duration: 0.3ms | Allocations: 75)
  Rendered layout layouts/application.html.erb (Duration: 28.0ms | Allocations: 14347)
Completed 200 OK in 106ms (Views: 36.2ms | ActiveRecord: 0.0ms | Allocations: 15453)


Started GET "/" for 127.0.0.1 at 2023-11-16 14:19:02 +0100
Processing by HomeController#index as HTML
  Rendering layout layouts/application.html.erb
  Rendering home/index.html.erb within layouts/application
  Rendered home/index.html.erb within layouts/application (Duration: 0.3ms | Allocations: 75)
  Rendered layout layouts/application.html.erb (Duration: 43.1ms | Allocations: 14372)
Completed 200 OK in 61ms (Views: 49.8ms | ActiveRecord: 0.0ms | Allocations: 15401)


Started GET "/" for 127.0.0.1 at 2023-11-16 14:19:25 +0100
Processing by HomeController#index as HTML
  Rendering layout layouts/application.html.erb
  Rendering home/index.html.erb within layouts/application
  Rendered home/index.html.erb within layouts/application (Duration: 0.0ms | Allocations: 6)
  Rendered layout layouts/application.html.erb (Duration: 6.8ms | Allocations: 2184)
Completed 200 OK in 12ms (Views: 7.8ms | ActiveRecord: 0.0ms | Allocations: 2461)


Started GET "/" for 127.0.0.1 at 2023-11-16 14:20:19 +0100
  [1m[36mActiveRecord::SchemaMigration Load (0.2ms)[0m  [1m[34mSELECT "schema_migrations"."version" FROM "schema_migrations" ORDER BY "schema_migrations"."version" ASC[0m
Processing by HomeController#index as HTML
  Rendering layout layouts/application.html.erb
  Rendering home/index.html.erb within layouts/application
  Rendered home/index.html.erb within layouts/application (Duration: 0.5ms | Allocations: 160)
  Rendered layout layouts/application.html.erb (Duration: 596.4ms | Allocations: 38132)
Completed 200 OK in 857ms (Views: 661.2ms | ActiveRecord: 0.0ms | Allocations: 43270)


Started GET "/" for 127.0.0.1 at 2023-11-16 14:20:53 +0100
  [1m[36mActiveRecord::SchemaMigration Load (0.3ms)[0m  [1m[34mSELECT "schema_migrations"."version" FROM "schema_migrations" ORDER BY "schema_migrations"."version" ASC[0m
Processing by HomeController#index as HTML
  Rendering layout layouts/application.html.erb
  Rendering home/index.html.erb within layouts/application
  Rendered home/index.html.erb within layouts/application (Duration: 2.6ms | Allocations: 160)
  Rendered layout layouts/application.html.erb (Duration: 151.4ms | Allocations: 38349)
Completed 200 OK in 266ms (Views: 175.0ms | ActiveRecord: 0.0ms | Allocations: 43479)


Started GET "/" for 127.0.0.1 at 2023-11-16 14:21:21 +0100
  [1m[36mActiveRecord::SchemaMigration Load (0.2ms)[0m  [1m[34mSELECT "schema_migrations"."version" FROM "schema_migrations" ORDER BY "schema_migrations"."version" ASC[0m
Processing by HomeController#index as HTML
  Rendering layout layouts/application.html.erb
  Rendering home/index.html.erb within layouts/application
  Rendered home/index.html.erb within layouts/application (Duration: 0.9ms | Allocations: 160)
  Rendered layout layouts/application.html.erb (Duration: 207.2ms | Allocations: 38267)
Completed 200 OK in 320ms (Views: 233.2ms | ActiveRecord: 0.0ms | Allocations: 43406)


Started GET "/" for 127.0.0.1 at 2023-11-16 14:21:36 +0100
Processing by HomeController#index as HTML
  Rendering layout layouts/application.html.erb
  Rendering home/index.html.erb within layouts/application
  Rendered home/index.html.erb within layouts/application (Duration: 0.1ms | Allocations: 6)
  Rendered layout layouts/application.html.erb (Duration: 7.8ms | Allocations: 2211)
Completed 200 OK in 15ms (Views: 9.4ms | ActiveRecord: 0.0ms | Allocations: 2495)


Started GET "/" for 127.0.0.1 at 2023-11-16 14:23:21 +0100
Processing by HomeController#index as HTML
Completed 500 Internal Server Error in 18ms (ActiveRecord: 0.0ms | Allocations: 818)


  
NoMethodError (protected method `metoda' called for #<Pes:0x000001c9fc871f50 @barva="modrá", @zvuk="haf">):
  
app/controllers/home_controller.rb:10:in `index'
Started GET "/" for 127.0.0.1 at 2023-11-16 14:23:34 +0100
Processing by HomeController#index as HTML
  Rendering layout layouts/application.html.erb
  Rendering home/index.html.erb within layouts/application
  Rendered home/index.html.erb within layouts/application (Duration: 0.4ms | Allocations: 75)
  Rendered layout layouts/application.html.erb (Duration: 33.2ms | Allocations: 14371)
Completed 200 OK in 70ms (Views: 40.6ms | ActiveRecord: 0.0ms | Allocations: 15570)


Started GET "/" for 127.0.0.1 at 2023-11-16 14:23:41 +0100
Processing by HomeController#index as HTML
Completed 500 Internal Server Error in 10ms (ActiveRecord: 0.0ms | Allocations: 792)


  
NoMethodError (private method `metoda' called for #<Pes:0x000001c9fe357540 @barva="modrá", @zvuk="haf">):
  
app/controllers/home_controller.rb:10:in `index'
Started GET "/" for 127.0.0.1 at 2023-11-16 14:28:00 +0100
Processing by HomeController#index as HTML
Completed 500 Internal Server Error in 26ms (ActiveRecord: 0.0ms | Allocations: 814)


  
NoMethodError (undefined method `metoda' for #<Pes:0x000001c9fe6f7ce0 @barva="modrá", @zvuk="haf">):
  
app/controllers/home_controller.rb:10:in `index'
Started GET "/" for 127.0.0.1 at 2023-11-16 14:28:12 +0100
Processing by HomeController#index as HTML
  Rendering layout layouts/application.html.erb
  Rendering home/index.html.erb within layouts/application
  Rendered home/index.html.erb within layouts/application (Duration: 0.4ms | Allocations: 75)
  Rendered layout layouts/application.html.erb (Duration: 35.5ms | Allocations: 14349)
Completed 200 OK in 53ms (Views: 42.5ms | ActiveRecord: 0.0ms | Allocations: 15475)


Started GET "/" for 127.0.0.1 at 2023-11-16 14:34:02 +0100
Processing by HomeController#index as HTML
Completed 500 Internal Server Error in 25ms (ActiveRecord: 0.0ms | Allocations: 600)


  
NoMethodError (undefined method `barva' for #<Zvire:0x000001c9fe484990 @barva="fialová">):
  
app/controllers/home_controller.rb:4:in `index'
Started GET "/" for 127.0.0.1 at 2023-11-16 14:34:25 +0100
Processing by HomeController#index as HTML
Completed 500 Internal Server Error in 61ms (ActiveRecord: 0.0ms | Allocations: 653)


  
NoMethodError (undefined method `barva' for #<Zvire:0x000001c9fe3e9a80 @barva="fialová">):
  
app/controllers/home_controller.rb:4:in `index'
Started GET "/" for 127.0.0.1 at 2023-11-16 14:34:30 +0100
Processing by HomeController#index as HTML
Completed 500 Internal Server Error in 3ms (ActiveRecord: 0.0ms | Allocations: 469)


  
NoMethodError (undefined method `barva' for #<Zvire:0x000001c9fa9ec670 @barva="fialová">):
  
app/controllers/home_controller.rb:4:in `index'
Started GET "/" for 127.0.0.1 at 2023-11-16 14:35:15 +0100
  [1m[36mActiveRecord::SchemaMigration Load (0.2ms)[0m  [1m[34mSELECT "schema_migrations"."version" FROM "schema_migrations" ORDER BY "schema_migrations"."version" ASC[0m
Processing by HomeController#index as HTML
Completed 500 Internal Server Error in 18ms (ActiveRecord: 0.0ms | Allocations: 1539)


  
NoMethodError (undefined method `barva' for #<Zvire:0x000002515396cb88 @barva="fialová">):
  
app/controllers/home_controller.rb:4:in `index'
Started GET "/" for 127.0.0.1 at 2023-11-16 14:35:41 +0100
Processing by HomeController#index as HTML
Completed 500 Internal Server Error in 9ms (ActiveRecord: 0.0ms | Allocations: 604)


  
NoMethodError (undefined method `barva=' for #<Zvire:0x0000025154ecec10 @barva="fialová">):
  
app/controllers/home_controller.rb:5:in `index'
Started GET "/" for 127.0.0.1 at 2023-11-16 14:36:13 +0100
Processing by HomeController#index as HTML
Completed 500 Internal Server Error in 11ms (ActiveRecord: 0.0ms | Allocations: 616)


  
NoMethodError (undefined method `set_barva=' for #<Zvire:0x0000025153774b28 @barva="fialová">):
  
app/controllers/home_controller.rb:5:in `index'
Started GET "/" for 127.0.0.1 at 2023-11-16 14:36:22 +0100
Processing by HomeController#index as HTML
Completed 500 Internal Server Error in 13ms (ActiveRecord: 0.0ms | Allocations: 840)


  
ArgumentError (wrong number of arguments (given 2, expected 1)):
  
app/controllers/pes.rb:2:in `initialize'
app/controllers/home_controller.rb:8:in `new'
app/controllers/home_controller.rb:8:in `index'
Started GET "/" for 127.0.0.1 at 2023-11-16 14:36:48 +0100
Processing by HomeController#index as HTML
Completed 500 Internal Server Error in 10ms (ActiveRecord: 0.0ms | Allocations: 708)


  
NoMethodError (undefined method `barva' for #<Pes:0x00000251550878e0 @zvire=#<Zvire:0x0000025155087868 @barva="modrá">, @zvuk="haf">):
  
app/controllers/home_controller.rb:9:in `index'
Started GET "/" for 127.0.0.1 at 2023-11-16 14:37:17 +0100
Processing by HomeController#index as HTML
Completed 500 Internal Server Error in 18ms (ActiveRecord: 0.0ms | Allocations: 772)


  
NoMethodError (undefined method `pejsek' for #<Pes:0x0000025154e1f210 @zvire=#<Zvire:0x0000025154e1f198 @barva="modrá">, @zvuk="haf">):
  
app/controllers/home_controller.rb:10:in `index'
Started GET "/" for 127.0.0.1 at 2023-11-16 14:37:24 +0100
Processing by HomeController#index as HTML
  Rendering layout layouts/application.html.erb
  Rendering home/index.html.erb within layouts/application
  Rendered home/index.html.erb within layouts/application (Duration: 0.3ms | Allocations: 76)
  Rendered layout layouts/application.html.erb (Duration: 107.6ms | Allocations: 36762)
Completed 200 OK in 124ms (Views: 114.8ms | ActiveRecord: 0.0ms | Allocations: 38016)


Started GET "/" for 127.0.0.1 at 2023-11-16 14:38:11 +0100
Processing by HomeController#index as HTML
  Rendering layout layouts/application.html.erb
  Rendering home/index.html.erb within layouts/application
  Rendered home/index.html.erb within layouts/application (Duration: 0.4ms | Allocations: 88)
  Rendered layout layouts/application.html.erb (Duration: 36.7ms | Allocations: 14405)
Completed 200 OK in 54ms (Views: 44.1ms | ActiveRecord: 0.0ms | Allocations: 15505)


Started GET "/" for 127.0.0.1 at 2023-11-16 14:38:29 +0100
Processing by HomeController#index as HTML
  Rendering layout layouts/application.html.erb
  Rendering home/index.html.erb within layouts/application
  Rendered home/index.html.erb within layouts/application (Duration: 0.4ms | Allocations: 88)
  Rendered layout layouts/application.html.erb (Duration: 28.9ms | Allocations: 14411)
Completed 200 OK in 46ms (Views: 35.8ms | ActiveRecord: 0.0ms | Allocations: 15509)


Started GET "/green" for 127.0.0.1 at 2023-11-16 14:38:31 +0100
  
ActionController::RoutingError (No route matches [GET] "/green"):
  
Started GET "/" for 127.0.0.1 at 2023-11-16 14:38:54 +0100
Processing by HomeController#index as HTML
  Rendering layout layouts/application.html.erb
  Rendering home/index.html.erb within layouts/application
  Rendered home/index.html.erb within layouts/application (Duration: 0.3ms | Allocations: 84)
  Rendered layout layouts/application.html.erb (Duration: 31.8ms | Allocations: 14441)
Completed 200 OK in 49ms (Views: 37.5ms | ActiveRecord: 0.0ms | Allocations: 15539)


Started GET "/statika_vs_instance" for 127.0.0.1 at 2023-11-16 14:51:11 +0100
  
ArgumentError (Missing :controller key on routes definition, please check your routes.):
  
config/routes.rb:2:in `block in <main>'
config/routes.rb:1:in `<main>'
Started GET "/statika_vs_instance/index" for 127.0.0.1 at 2023-11-16 14:51:57 +0100
  [1m[35m (6.4ms)[0m  [1m[35mCREATE TABLE "schema_migrations" ("version" varchar NOT NULL PRIMARY KEY)[0m
  [1m[35m (0.2ms)[0m  [1m[35mCREATE TABLE "ar_internal_metadata" ("key" varchar NOT NULL PRIMARY KEY, "value" varchar, "created_at" datetime(6) NOT NULL, "updated_at" datetime(6) NOT NULL)[0m
  [1m[36mActiveRecord::SchemaMigration Load (0.2ms)[0m  [1m[34mSELECT "schema_migrations"."version" FROM "schema_migrations" ORDER BY "schema_migrations"."version" ASC[0m
Processing by StatikaVsInstanceController#index as HTML
  Rendering layout layouts/application.html.erb
  Rendering statika_vs_instance/index.html.erb within layouts/application
  Rendered statika_vs_instance/index.html.erb within layouts/application (Duration: 0.4ms | Allocations: 83)
  Rendered layout layouts/application.html.erb (Duration: 943.2ms | Allocations: 107699)
Completed 200 OK in 968ms (Views: 949.5ms | ActiveRecord: 0.0ms | Allocations: 110214)


Started GET "/statika_vs_instance/index" for 127.0.0.1 at 2023-11-16 14:55:53 +0100
  
SyntaxError (C:/Users/lpesek/Documents/Projekty/tutorial/Ruby/rubydev/oop/app/controllers/statika_vs_instance_controller.rb:4: syntax error, unexpected class variable
    puts Car.@@count
             ^~~~~~~
):
  
app/controllers/statika_vs_instance_controller.rb:4: syntax error, unexpected class variable
Started GET "/statika_vs_instance/index" for 127.0.0.1 at 2023-11-16 14:56:19 +0100
Processing by StatikaVsInstanceController#index as HTML
Completed 500 Internal Server Error in 8ms (ActiveRecord: 0.0ms | Allocations: 681)


  
NoMethodError (undefined method `get_count' for Car:Class):
  
app/controllers/statika_vs_instance_controller.rb:4:in `index'
Started GET "/statika_vs_instance/index" for 127.0.0.1 at 2023-11-16 14:57:54 +0100
Processing by StatikaVsInstanceController#index as HTML
  Rendering layout layouts/application.html.erb
  Rendering statika_vs_instance/index.html.erb within layouts/application
  Rendered statika_vs_instance/index.html.erb within layouts/application (Duration: 0.4ms | Allocations: 83)
  Rendered layout layouts/application.html.erb (Duration: 28.2ms | Allocations: 14404)
Completed 200 OK in 45ms (Views: 35.2ms | ActiveRecord: 0.0ms | Allocations: 15491)


Started GET "/statika_vs_instance/index" for 127.0.0.1 at 2023-11-16 14:58:08 +0100
Processing by StatikaVsInstanceController#index as HTML
  Rendering layout layouts/application.html.erb
  Rendering statika_vs_instance/index.html.erb within layouts/application
  Rendered statika_vs_instance/index.html.erb within layouts/application (Duration: 0.3ms | Allocations: 83)
  Rendered layout layouts/application.html.erb (Duration: 27.5ms | Allocations: 14419)
Completed 200 OK in 41ms (Views: 33.3ms | ActiveRecord: 0.0ms | Allocations: 15427)


Started GET "/statika_vs_instance/index" for 127.0.0.1 at 2023-11-16 14:58:36 +0100
Processing by StatikaVsInstanceController#index as HTML
  Rendering layout layouts/application.html.erb
  Rendering statika_vs_instance/index.html.erb within layouts/application
  Rendered statika_vs_instance/index.html.erb within layouts/application (Duration: 0.3ms | Allocations: 83)
  Rendered layout layouts/application.html.erb (Duration: 28.3ms | Allocations: 14397)
Completed 200 OK in 44ms (Views: 34.1ms | ActiveRecord: 0.0ms | Allocations: 15413)


Started GET "/statika_vs_instance/index" for 127.0.0.1 at 2023-11-16 15:02:22 +0100
  
SyntaxError (C:/Users/lpesek/Documents/Projekty/tutorial/Ruby/rubydev/oop/app/controllers/statika_vs_instance_controller.rb:18: syntax error, unexpected integer literal, expecting `end' or dummy end
    puts Math.sum 5 3
                    ^
):
  
app/controllers/statika_vs_instance_controller.rb:18: syntax error, unexpected integer literal, expecting `end' or dummy end
Started GET "/statika_vs_instance/index" for 127.0.0.1 at 2023-11-16 15:02:47 +0100
Processing by StatikaVsInstanceController#index as HTML
Completed 500 Internal Server Error in 8ms (ActiveRecord: 0.0ms | Allocations: 605)


  
NoMethodError (undefined method `sum' for Math:Module):
  
app/controllers/statika_vs_instance_controller.rb:18:in `index'
Started GET "/statika_vs_instance/index" for 127.0.0.1 at 2023-11-16 15:02:54 +0100
Processing by StatikaVsInstanceController#index as HTML
Completed 500 Internal Server Error in 9ms (ActiveRecord: 0.0ms | Allocations: 480)


  
NoMethodError (undefined method `sum' for Math:Module):
  
app/controllers/statika_vs_instance_controller.rb:18:in `index'
Started GET "/statika_vs_instance/index" for 127.0.0.1 at 2023-11-16 15:03:19 +0100
  
LoadError (cannot load such file -- Math):
  
app/controllers/statika_vs_instance_controller.rb:2:in `<class:StatikaVsInstanceController>'
app/controllers/statika_vs_instance_controller.rb:1:in `<main>'
Started GET "/statika_vs_instance/index" for 127.0.0.1 at 2023-11-16 15:03:30 +0100
  
LoadError (cannot load such file -- Math):
  
app/controllers/statika_vs_instance_controller.rb:2:in `<class:StatikaVsInstanceController>'
app/controllers/statika_vs_instance_controller.rb:1:in `<main>'
Started GET "/statika_vs_instance/index" for 127.0.0.1 at 2023-11-16 15:03:39 +0100
Processing by StatikaVsInstanceController#index as HTML
Completed 500 Internal Server Error in 7ms (ActiveRecord: 0.0ms | Allocations: 603)


  
NoMethodError (undefined method `sum' for Math:Module):
  
app/controllers/statika_vs_instance_controller.rb:19:in `index'
Started GET "/statika_vs_instance/index" for 127.0.0.1 at 2023-11-16 15:04:07 +0100
  
LoadError (cannot load such file -- math):
  
app/controllers/statika_vs_instance_controller.rb:2:in `<class:StatikaVsInstanceController>'
app/controllers/statika_vs_instance_controller.rb:1:in `<main>'
Started GET "/statika_vs_instance/index" for 127.0.0.1 at 2023-11-16 15:04:48 +0100
  
LoadError (cannot load such file -- /math):
  
app/controllers/statika_vs_instance_controller.rb:2:in `<class:StatikaVsInstanceController>'
app/controllers/statika_vs_instance_controller.rb:1:in `<main>'
Started GET "/statika_vs_instance/index" for 127.0.0.1 at 2023-11-16 15:05:01 +0100
  
LoadError (cannot load such file -- C:/Users/lpesek/Documents/Projekty/tutorial/Ruby/rubydev/controllers/math):
  
app/controllers/statika_vs_instance_controller.rb:2:in `<class:StatikaVsInstanceController>'
app/controllers/statika_vs_instance_controller.rb:1:in `<main>'
Started GET "/statika_vs_instance/index" for 127.0.0.1 at 2023-11-16 15:05:15 +0100
Processing by StatikaVsInstanceController#index as HTML
Completed 500 Internal Server Error in 8ms (ActiveRecord: 0.0ms | Allocations: 603)


  
NoMethodError (undefined method `sum' for Math:Module):
  
app/controllers/statika_vs_instance_controller.rb:18:in `index'
Started GET "/statika_vs_instance/index" for 127.0.0.1 at 2023-11-16 15:05:34 +0100
  
SyntaxError (C:/Users/lpesek/Documents/Projekty/tutorial/Ruby/rubydev/oop/app/controllers/statika_vs_instance_controller.rb:22: syntax error, unexpected end-of-input):
  
app/controllers/statika_vs_instance_controller.rb:22: syntax error, unexpected end-of-input
Started GET "/statika_vs_instance/index" for 127.0.0.1 at 2023-11-16 15:05:43 +0100
Processing by StatikaVsInstanceController#index as HTML
Completed 500 Internal Server Error in 8ms (ActiveRecord: 0.0ms | Allocations: 603)


  
NoMethodError (undefined method `sum' for Math:Module):
  
app/controllers/statika_vs_instance_controller.rb:18:in `index'
Started GET "/statika_vs_instance/index" for 127.0.0.1 at 2023-11-16 15:06:38 +0100
Processing by StatikaVsInstanceController#index as HTML
Completed 500 Internal Server Error in 8ms (ActiveRecord: 0.0ms | Allocations: 545)


  
NoMethodError (undefined method `sum' for Math:Module):
  
app/controllers/statika_vs_instance_controller.rb:18:in `index'
Started GET "/statika_vs_instance/index" for 127.0.0.1 at 2023-11-16 15:06:54 +0100
Processing by StatikaVsInstanceController#index as HTML
Completed 500 Internal Server Error in 7ms (ActiveRecord: 0.0ms | Allocations: 603)


  
NoMethodError (undefined method `sum' for Math:Module):
  
app/controllers/statika_vs_instance_controller.rb:18:in `index'
Started GET "/statika_vs_instance/index" for 127.0.0.1 at 2023-11-16 15:07:27 +0100
  
NoMethodError (undefined method `sum' for Math:Module):
  
app/controllers/statika_vs_instance_controller.rb:20:in `<class:StatikaVsInstanceController>'
app/controllers/statika_vs_instance_controller.rb:1:in `<main>'
Started GET "/statika_vs_instance/index" for 127.0.0.1 at 2023-11-16 15:09:27 +0100
Processing by StatikaVsInstanceController#index as HTML
Completed 500 Internal Server Error in 8ms (ActiveRecord: 0.0ms | Allocations: 545)


  
NoMethodError (undefined method `sum' for Math:Module):
  
app/controllers/statika_vs_instance_controller.rb:18:in `index'
Started GET "/statika_vs_instance/index" for 127.0.0.1 at 2023-11-16 15:14:43 +0100
Processing by StatikaVsInstanceController#index as HTML
  Rendering layout layouts/application.html.erb
  Rendering statika_vs_instance/index.html.erb within layouts/application
  Rendered statika_vs_instance/index.html.erb within layouts/application (Duration: 0.4ms | Allocations: 83)
  Rendered layout layouts/application.html.erb (Duration: 27.6ms | Allocations: 14397)
Completed 200 OK in 50ms (Views: 34.5ms | ActiveRecord: 0.0ms | Allocations: 15552)


Started GET "/statika_vs_instance/index" for 127.0.0.1 at 2023-11-16 15:16:19 +0100
Processing by StatikaVsInstanceController#index as HTML
  Rendering layout layouts/application.html.erb
  Rendering statika_vs_instance/index.html.erb within layouts/application
  Rendered statika_vs_instance/index.html.erb within layouts/application (Duration: 0.5ms | Allocations: 83)
  Rendered layout layouts/application.html.erb (Duration: 31.5ms | Allocations: 14407)
Completed 200 OK in 50ms (Views: 39.3ms | ActiveRecord: 0.0ms | Allocations: 15496)


Started GET "/statika_vs_instance/index" for 127.0.0.1 at 2023-11-16 15:20:40 +0100
Processing by StatikaVsInstanceController#index as HTML
Completed 500 Internal Server Error in 28ms (ActiveRecord: 0.0ms | Allocations: 620)


  
NoMethodError (undefined method `get_count' for #<Car:0x000002a76b24cc18 @number=1>):
  
app/controllers/statika_vs_instance_controller.rb:8:in `index'
Started GET "/statika_vs_instance/index" for 127.0.0.1 at 2023-11-16 15:21:01 +0100
Processing by StatikaVsInstanceController#index as HTML
  Rendering layout layouts/application.html.erb
  Rendering statika_vs_instance/index.html.erb within layouts/application
  Rendered statika_vs_instance/index.html.erb within layouts/application (Duration: 0.3ms | Allocations: 83)
  Rendered layout layouts/application.html.erb (Duration: 27.4ms | Allocations: 14409)
Completed 200 OK in 43ms (Views: 33.5ms | ActiveRecord: 0.0ms | Allocations: 15501)


Started GET "/singleton/index" for 127.0.0.1 at 2023-11-16 15:33:31 +0100
Processing by SingletonController#index as HTML
  Rendering layout layouts/application.html.erb
  Rendering singleton/index.html.erb within layouts/application
  Rendered singleton/index.html.erb within layouts/application (Duration: 0.3ms | Allocations: 89)
  Rendered layout layouts/application.html.erb (Duration: 27.7ms | Allocations: 14410)
Completed 200 OK in 39ms (Views: 33.7ms | ActiveRecord: 0.0ms | Allocations: 15323)


Started GET "/singleton/index" for 127.0.0.1 at 2023-11-16 15:34:06 +0100
Processing by SingletonController#index as HTML
Completed 500 Internal Server Error in 3ms (ActiveRecord: 0.0ms | Allocations: 446)


  
NoMethodError (undefined method `new' for Singleton:Module):
  
app/controllers/singleton_controller.rb:3:in `index'
Started GET "/singleton/index" for 127.0.0.1 at 2023-11-16 15:34:20 +0100
Processing by SingletonController#index as HTML
Completed 500 Internal Server Error in 3ms (ActiveRecord: 0.0ms | Allocations: 503)


  
NoMethodError (undefined method `new' for Singleton:Module):
  
app/controllers/singleton_controller.rb:3:in `index'
Started GET "/singleton/index" for 127.0.0.1 at 2023-11-16 15:34:26 +0100
Processing by SingletonController#index as HTML
Completed 500 Internal Server Error in 3ms (ActiveRecord: 0.0ms | Allocations: 464)


  
NoMethodError (undefined method `new' for Singleton:Module):
  
app/controllers/singleton_controller.rb:3:in `index'
Started GET "/singleton/index" for 127.0.0.1 at 2023-11-16 15:34:42 +0100
Processing by SingletonController#index as HTML
Completed 500 Internal Server Error in 3ms (ActiveRecord: 0.0ms | Allocations: 464)


  
NoMethodError (undefined method `new' for Singleton:Module):
  
app/controllers/singleton_controller.rb:3:in `index'
Started GET "/singleton/index" for 127.0.0.1 at 2023-11-16 15:34:47 +0100
Processing by SingletonController#index as HTML
Completed 500 Internal Server Error in 3ms (ActiveRecord: 0.0ms | Allocations: 464)


  
NoMethodError (undefined method `new' for Singleton:Module):
  
app/controllers/singleton_controller.rb:3:in `index'
Started GET "/singleton/index" for 127.0.0.1 at 2023-11-16 15:34:54 +0100
Processing by SingletonController#index as HTML
Completed 500 Internal Server Error in 3ms (ActiveRecord: 0.0ms | Allocations: 464)


  
NoMethodError (undefined method `new' for Singleton:Module):
  
app/controllers/singleton_controller.rb:3:in `index'
Started GET "/singleton/index" for 127.0.0.1 at 2023-11-16 15:35:08 +0100
  [1m[36mActiveRecord::SchemaMigration Load (0.1ms)[0m  [1m[34mSELECT "schema_migrations"."version" FROM "schema_migrations" ORDER BY "schema_migrations"."version" ASC[0m
Processing by SingletonController#index as HTML
Completed 500 Internal Server Error in 12ms (ActiveRecord: 0.0ms | Allocations: 1454)


  
NoMethodError (undefined method `new' for Singleton:Module):
  
app/controllers/singleton_controller.rb:3:in `index'
Started GET "/singleton/index" for 127.0.0.1 at 2023-11-16 15:35:30 +0100
Processing by SingletonController#index as HTML
Completed 500 Internal Server Error in 3ms (ActiveRecord: 0.0ms | Allocations: 445)


  
NoMethodError (undefined method `new' for Singleton:Module):
  
app/controllers/singleton_controller.rb:3:in `index'
Started GET "/singleton/index" for 127.0.0.1 at 2023-11-16 15:35:46 +0100
Processing by SingletonController#index as HTML
  Rendering layout layouts/application.html.erb
  Rendering singleton/index.html.erb within layouts/application
  Rendered singleton/index.html.erb within layouts/application (Duration: 0.4ms | Allocations: 89)
  Rendered layout layouts/application.html.erb (Duration: 132.3ms | Allocations: 36686)
Completed 200 OK in 147ms (Views: 140.0ms | ActiveRecord: 0.0ms | Allocations: 37754)


Started GET "/singleton/index" for 127.0.0.1 at 2023-11-16 15:36:00 +0100
Processing by SingletonController#index as HTML
Completed 500 Internal Server Error in 3ms (ActiveRecord: 0.0ms | Allocations: 504)


  
NoMethodError (undefined method `new' for Singleton:Module):
  
app/controllers/singleton_controller.rb:3:in `index'
Started GET "/singleton/index" for 127.0.0.1 at 2023-11-16 15:37:01 +0100
Processing by SingletonController#index as HTML
  Rendering layout layouts/application.html.erb
  Rendering singleton/index.html.erb within layouts/application
  Rendered singleton/index.html.erb within layouts/application (Duration: 0.4ms | Allocations: 87)
  Rendered layout layouts/application.html.erb (Duration: 31.3ms | Allocations: 14390)
Completed 200 OK in 47ms (Views: 37.4ms | ActiveRecord: 0.0ms | Allocations: 15458)


Started GET "/singleton/index" for 127.0.0.1 at 2023-11-16 15:37:32 +0100
Processing by SingletonController#index as HTML
Completed 500 Internal Server Error in 8ms (ActiveRecord: 0.0ms | Allocations: 600)


  
NoMethodError (private method `new' called for Jedinacek:Class):
  
app/controllers/singleton_controller.rb:3:in `index'
Started GET "/singleton/index" for 127.0.0.1 at 2023-11-16 15:37:44 +0100
Processing by SingletonController#index as HTML
Completed 500 Internal Server Error in 4ms (ActiveRecord: 0.0ms | Allocations: 586)


  
NoMethodError (private method `new' called for Jedinacek:Class):
  
app/controllers/jedinacek.rb:8:in `get_instance'
app/controllers/singleton_controller.rb:3:in `index'
Started GET "/singleton/index" for 127.0.0.1 at 2023-11-16 15:38:32 +0100
Processing by SingletonController#index as HTML
  Rendering layout layouts/application.html.erb
  Rendering singleton/index.html.erb within layouts/application
  Rendered singleton/index.html.erb within layouts/application (Duration: 0.4ms | Allocations: 87)
  Rendered layout layouts/application.html.erb (Duration: 27.3ms | Allocations: 14367)
Completed 200 OK in 87ms (Views: 33.8ms | ActiveRecord: 0.0ms | Allocations: 15433)


Started GET "/singleton/index" for 127.0.0.1 at 2023-11-16 15:38:57 +0100
Processing by SingletonController#index as HTML
  Rendering layout layouts/application.html.erb
  Rendering singleton/index.html.erb within layouts/application
  Rendered singleton/index.html.erb within layouts/application (Duration: 0.4ms | Allocations: 87)
  Rendered layout layouts/application.html.erb (Duration: 29.9ms | Allocations: 14368)
Completed 200 OK in 67ms (Views: 36.8ms | ActiveRecord: 0.0ms | Allocations: 15453)


Started GET "/singleton/index" for 127.0.0.1 at 2023-11-16 15:39:07 +0100
Processing by SingletonController#index as HTML
  Rendering layout layouts/application.html.erb
  Rendering singleton/index.html.erb within layouts/application
  Rendered singleton/index.html.erb within layouts/application (Duration: 0.3ms | Allocations: 87)
  Rendered layout layouts/application.html.erb (Duration: 28.5ms | Allocations: 14378)
Completed 200 OK in 40ms (Views: 34.2ms | ActiveRecord: 0.0ms | Allocations: 15378)


Started GET "/modules/index" for 127.0.0.1 at 2023-11-16 15:42:44 +0100
Processing by ModulesController#index as HTML
  Rendering layout layouts/application.html.erb
  Rendering modules/index.html.erb within layouts/application
  Rendered modules/index.html.erb within layouts/application (Duration: 0.4ms | Allocations: 89)
  Rendered layout layouts/application.html.erb (Duration: 79.1ms | Allocations: 14387)
Completed 200 OK in 91ms (Views: 86.8ms | ActiveRecord: 0.0ms | Allocations: 15301)


Started GET "/modules/index" for 127.0.0.1 at 2023-11-16 15:43:29 +0100
  
LoadError (cannot load such file -- my_module):
  
app/controllers/modules_controller.rb:3:in `<class:ModulesController>'
app/controllers/modules_controller.rb:1:in `<main>'
Started GET "/modules/index" for 127.0.0.1 at 2023-11-16 15:43:46 +0100
  
LoadError (cannot load such file -- my_module):
  
app/controllers/modules_controller.rb:2:in `<main>'
Started GET "/modules/index" for 127.0.0.1 at 2023-11-16 15:44:09 +0100
  
LoadError (cannot load such file -- my_module):
  
app/controllers/modules_controller.rb:1:in `<main>'
Started GET "/modules/index" for 127.0.0.1 at 2023-11-16 15:44:19 +0100
  
LoadError (cannot load such file -- /my_module):
  
app/controllers/modules_controller.rb:1:in `<main>'
Started GET "/modules/index" for 127.0.0.1 at 2023-11-16 15:44:29 +0100
  
LoadError (cannot load such file -- .my_module):
  
app/controllers/modules_controller.rb:1:in `<main>'
Started GET "/modules/index" for 127.0.0.1 at 2023-11-16 15:44:35 +0100
  
LoadError (cannot load such file -- my_module):
  
app/controllers/modules_controller.rb:1:in `<main>'
Started GET "/modules/index" for 127.0.0.1 at 2023-11-16 15:45:05 +0100
  
LoadError (cannot load such file -- controllers/my_module):
  
app/controllers/modules_controller.rb:1:in `<main>'
Started GET "/modules/index" for 127.0.0.1 at 2023-11-16 15:45:34 +0100
  
LoadError (cannot load such file -- my_module):
  
app/controllers/modules_controller.rb:1:in `<main>'
Started GET "/modules/index" for 127.0.0.1 at 2023-11-16 15:46:14 +0100
  
LoadError (cannot load such file -- My_module):
  
app/controllers/modules_controller.rb:1:in `<main>'
Started GET "/modules/index" for 127.0.0.1 at 2023-11-16 15:46:27 +0100
  
LoadError (cannot load such file -- my_module):
  
app/controllers/modules_controller.rb:1:in `<main>'
Started GET "/modules/index" for 127.0.0.1 at 2023-11-16 15:46:49 +0100
  
LoadError (cannot load such file -- C:/Users/lpesek/Documents/Projekty/tutorial/Ruby/app/controllers/my_module):
  
app/controllers/modules_controller.rb:1:in `<main>'
Started GET "/modules/index" for 127.0.0.1 at 2023-11-16 15:49:13 +0100
  
LoadError (cannot load such file -- gogo):
  
app/controllers/modules_controller.rb:1:in `<main>'
Started GET "/modules/index" for 127.0.0.1 at 2023-11-16 15:50:21 +0100
  
LoadError (cannot load such file -- gogo):
  
app/controllers/modules_controller.rb:1:in `<main>'
Started GET "/modules/index" for 127.0.0.1 at 2023-11-16 15:50:45 +0100
  
LoadError (cannot load such file -- gogo):
  
app/controllers/modules_controller.rb:1:in `<main>'
Started GET "/modules/index" for 127.0.0.1 at 2023-11-16 15:51:00 +0100
  
LoadError (cannot load such file -- gogo):
  
app/controllers/modules_controller.rb:1:in `<main>'
Started GET "/modules/index" for 127.0.0.1 at 2023-11-16 15:54:49 +0100
Processing by ModulesController#index as HTML
Completed 500 Internal Server Error in 4ms (ActiveRecord: 0.0ms | Allocations: 455)


  
NameError (undefined local variable or method `nejaka_metoda' for #<ModulesController:0x00000000064000>):
  
app/controllers/modules_controller.rb:6:in `index'
Started GET "/modules/index" for 127.0.0.1 at 2023-11-16 15:55:01 +0100
Processing by ModulesController#index as HTML
Completed 500 Internal Server Error in 3ms (ActiveRecord: 0.0ms | Allocations: 505)


  
NameError (undefined local variable or method `nejaka_metoda' for #<ModulesController:0x00000000067a20>):
  
app/controllers/modules_controller.rb:6:in `index'
Started GET "/modules/index" for 127.0.0.1 at 2023-11-16 15:55:13 +0100
Processing by ModulesController#index as HTML
  Rendering layout layouts/application.html.erb
  Rendering modules/index.html.erb within layouts/application
  Rendered modules/index.html.erb within layouts/application (Duration: 0.3ms | Allocations: 87)
  Rendered layout layouts/application.html.erb (Duration: 28.2ms | Allocations: 14424)
Completed 200 OK in 39ms (Views: 34.4ms | ActiveRecord: 0.0ms | Allocations: 15342)


Started GET "/modules/index" for 127.0.0.1 at 2023-11-20 09:56:21 +0100
  [1m[36mActiveRecord::SchemaMigration Load (0.2ms)[0m  [1m[34mSELECT "schema_migrations"."version" FROM "schema_migrations" ORDER BY "schema_migrations"."version" ASC[0m
  
ActionController::RoutingError (uninitialized constant ModulesController):
  
Started GET "/" for 127.0.0.1 at 2023-11-20 09:56:23 +0100
  
ActionController::RoutingError (uninitialized constant HomeController):
  
Started GET "/" for 127.0.0.1 at 2023-11-20 09:56:27 +0100
  
ActionController::RoutingError (uninitialized constant HomeController):
  
Started GET "/index" for 127.0.0.1 at 2023-11-20 09:56:30 +0100
  
ActionController::RoutingError (No route matches [GET] "/index"):
  
Started GET "/index" for 127.0.0.1 at 2023-11-20 09:56:49 +0100
  
ActionController::RoutingError (No route matches [GET] "/index"):
  
Started GET "/index" for 127.0.0.1 at 2023-11-20 09:58:11 +0100
  
ActionController::RoutingError (No route matches [GET] "/index"):
  
Started GET "/index" for 127.0.0.1 at 2023-11-20 09:58:54 +0100
  [1m[36mActiveRecord::SchemaMigration Load (0.2ms)[0m  [1m[34mSELECT "schema_migrations"."version" FROM "schema_migrations" ORDER BY "schema_migrations"."version" ASC[0m
  
ActionController::RoutingError (No route matches [GET] "/index"):
  
Started GET "/" for 127.0.0.1 at 2023-11-20 09:59:05 +0100
  
ActionController::RoutingError (uninitialized constant HomeController):
  
Started GET "/index" for 127.0.0.1 at 2023-11-20 09:59:10 +0100
  
ActionController::RoutingError (No route matches [GET] "/index"):
  
Started GET "/" for 127.0.0.1 at 2023-11-20 10:00:21 +0100
  
ActionController::RoutingError (uninitialized constant HomeController):
  
Started GET "/" for 127.0.0.1 at 2023-11-20 10:00:24 +0100
  
ActionController::RoutingError (uninitialized constant HomeController):
  
Started GET "/car" for 127.0.0.1 at 2023-11-20 10:00:58 +0100
  
ActionController::RoutingError (No route matches [GET] "/car"):
  
Started GET "/" for 127.0.0.1 at 2023-11-20 10:01:01 +0100
  
ActionController::RoutingError (uninitialized constant HomeController):
  
Started GET "/singleton/index" for 127.0.0.1 at 2023-11-20 10:12:53 +0100
Processing by SingletonController#index as HTML
  Rendering layout layouts/application.html.erb
  Rendering singleton/index.html.erb within layouts/application
  Rendered singleton/index.html.erb within layouts/application (Duration: 0.4ms | Allocations: 85)
  Rendered layout layouts/application.html.erb (Duration: 517.1ms | Allocations: 36641)
Completed 200 OK in 607ms (Views: 535.0ms | ActiveRecord: 0.0ms | Allocations: 38673)


Started GET "/modules/index" for 127.0.0.1 at 2023-11-20 10:16:29 +0100
Processing by ModulesController#index as HTML
  Rendering layout layouts/application.html.erb
  Rendering modules/index.html.erb within layouts/application
  Rendered modules/index.html.erb within layouts/application (Duration: 0.4ms | Allocations: 89)
  Rendered layout layouts/application.html.erb (Duration: 33.8ms | Allocations: 14414)
Completed 200 OK in 44ms (Views: 39.6ms | ActiveRecord: 0.0ms | Allocations: 15329)


Started GET "/modules/index" for 127.0.0.1 at 2023-11-20 10:31:06 +0100
  [1m[36mActiveRecord::SchemaMigration Load (0.2ms)[0m  [1m[34mSELECT "schema_migrations"."version" FROM "schema_migrations" ORDER BY "schema_migrations"."version" ASC[0m
  
LoadError (cannot load such file -- matika):
  
app/controllers/modules_controller.rb:3:in `<class:ModulesController>'
app/controllers/modules_controller.rb:1:in `<main>'
Started GET "/modules/index" for 127.0.0.1 at 2023-11-20 10:31:20 +0100
  
LoadError (cannot load such file -- matika):
  
app/controllers/modules_controller.rb:1:in `<main>'
Started GET "/modules/index" for 127.0.0.1 at 2023-11-20 10:32:13 +0100
  
LoadError (cannot load such file -- matika):
  
app/controllers/modules_controller.rb:1:in `<main>'
Started GET "/modules/index" for 127.0.0.1 at 2023-11-20 10:32:30 +0100
  
LoadError (cannot load such file -- C:/Users/lpesek/Documents/Projekty/tutorial/Ruby/rubydev/controllers/matika):
  
app/controllers/modules_controller.rb:1:in `<main>'
Started GET "/modules/index" for 127.0.0.1 at 2023-11-20 10:32:35 +0100
  
LoadError (cannot load such file -- C:/Users/lpesek/Documents/Projekty/tutorial/Ruby/rubydev/controllers/matika):
  
app/controllers/modules_controller.rb:1:in `<main>'
Started GET "/modules/index" for 127.0.0.1 at 2023-11-20 10:33:22 +0100
  
LoadError (cannot load such file -- C:/Users/lpesek/Documents/Projekty/tutorial/Ruby/rubydev/modules/matika):
  
app/controllers/modules_controller.rb:1:in `<main>'
Started GET "/modules/index" for 127.0.0.1 at 2023-11-20 10:34:02 +0100
  
LoadError (cannot load such file -- C:/Users/lpesek/Documents/Projekty/tutorial/Ruby/rubydev/modules/matika):
  
app/controllers/modules_controller.rb:1:in `<main>'
Started GET "/modules/index" for 127.0.0.1 at 2023-11-20 10:35:26 +0100
Processing by ModulesController#index as HTML
  Rendering layout layouts/application.html.erb
  Rendering modules/index.html.erb within layouts/application
  Rendered modules/index.html.erb within layouts/application (Duration: 0.4ms | Allocations: 87)
  Rendered layout layouts/application.html.erb (Duration: 112.7ms | Allocations: 36743)
Completed 200 OK in 132ms (Views: 120.2ms | ActiveRecord: 0.0ms | Allocations: 38727)


Started GET "/modules/index" for 127.0.0.1 at 2023-11-20 10:37:13 +0100
  
LoadError (cannot load such file -- app/modules/matika):
  
app/controllers/modules_controller.rb:2:in `<main>'
Started GET "/modules/index" for 127.0.0.1 at 2023-11-20 10:37:26 +0100
Processing by ModulesController#index as HTML
  Rendering layout layouts/application.html.erb
  Rendering modules/index.html.erb within layouts/application
  Rendered modules/index.html.erb within layouts/application (Duration: 0.5ms | Allocations: 83)
  Rendered layout layouts/application.html.erb (Duration: 43.1ms | Allocations: 14425)
Completed 200 OK in 55ms (Views: 49.6ms | ActiveRecord: 0.0ms | Allocations: 15341)


Started GET "/modules/index" for 127.0.0.1 at 2023-11-20 10:41:43 +0100
  
TypeError (wrong argument type String (expected Module)):
  
app/controllers/modules_controller.rb:3:in `include'
app/controllers/modules_controller.rb:3:in `<main>'
Started GET "/modules/index" for 127.0.0.1 at 2023-11-20 10:41:56 +0100
  
TypeError (wrong argument type String (expected Module)):
  
app/controllers/modules_controller.rb:3:in `include'
app/controllers/modules_controller.rb:3:in `<main>'
Started GET "/modules/index" for 127.0.0.1 at 2023-11-20 10:42:25 +0100
  
TypeError (wrong argument type String (expected Module)):
  
app/controllers/modules_controller.rb:3:in `include'
app/controllers/modules_controller.rb:3:in `<main>'
Started GET "/modules/index" for 127.0.0.1 at 2023-11-20 10:43:32 +0100
  
TypeError (wrong argument type String (expected Module)):
  
app/controllers/modules_controller.rb:3:in `include'
app/controllers/modules_controller.rb:3:in `<main>'
Started GET "/modules/index" for 127.0.0.1 at 2023-11-20 10:57:39 +0100
  
TypeError (wrong argument type String (expected Module)):
  
app/controllers/modules_controller.rb:6:in `include'
app/controllers/modules_controller.rb:6:in `<class:ModulesController>'
app/controllers/modules_controller.rb:4:in `<main>'
Started GET "/modules/index" for 127.0.0.1 at 2023-11-20 11:02:46 +0100
  
TypeError (wrong argument type String (expected Module)):
  
app/controllers/modules_controller.rb:6:in `include'
app/controllers/modules_controller.rb:6:in `<class:ModulesController>'
app/controllers/modules_controller.rb:4:in `<main>'
Started GET "/modules/index" for 127.0.0.1 at 2023-11-20 11:03:15 +0100
  
TypeError (wrong argument type String (expected Module)):
  
app/controllers/modules_controller.rb:6:in `include'
app/controllers/modules_controller.rb:6:in `<class:ModulesController>'
app/controllers/modules_controller.rb:4:in `<main>'
Started GET "/modules/index" for 127.0.0.1 at 2023-11-20 11:03:28 +0100
  
TypeError (wrong argument type String (expected Module)):
  
app/controllers/modules_controller.rb:6:in `include'
app/controllers/modules_controller.rb:6:in `<class:ModulesController>'
app/controllers/modules_controller.rb:4:in `<main>'
Started GET "/modules/index" for 127.0.0.1 at 2023-11-20 11:04:36 +0100
  
TypeError (wrong argument type String (expected Module)):
  
app/controllers/modules_controller.rb:6:in `include'
app/controllers/modules_controller.rb:6:in `<class:ModulesController>'
app/controllers/modules_controller.rb:4:in `<main>'
Started GET "/modules/index" for 127.0.0.1 at 2023-11-20 11:07:28 +0100
  
TypeError (wrong argument type String (expected Module)):
  
app/controllers/modules_controller.rb:6:in `include'
app/controllers/modules_controller.rb:6:in `<class:ModulesController>'
app/controllers/modules_controller.rb:4:in `<main>'
Started GET "/modules/index" for 127.0.0.1 at 2023-11-20 11:07:34 +0100
  
TypeError (wrong argument type String (expected Module)):
  
app/controllers/modules_controller.rb:6:in `include'
app/controllers/modules_controller.rb:6:in `<class:ModulesController>'
app/controllers/modules_controller.rb:4:in `<main>'
Started GET "/modules/index" for 127.0.0.1 at 2023-11-20 11:07:41 +0100
  
TypeError (wrong argument type String (expected Module)):
  
app/controllers/modules_controller.rb:6:in `include'
app/controllers/modules_controller.rb:6:in `<class:ModulesController>'
app/controllers/modules_controller.rb:4:in `<main>'
Started GET "/modules/index" for 127.0.0.1 at 2023-11-20 11:07:48 +0100
  
TypeError (wrong argument type String (expected Module)):
  
app/controllers/modules_controller.rb:6:in `include'
app/controllers/modules_controller.rb:6:in `<class:ModulesController>'
app/controllers/modules_controller.rb:4:in `<main>'
Started GET "/modules/index" for 127.0.0.1 at 2023-11-20 11:07:56 +0100
  
TypeError (wrong argument type String (expected Module)):
  
app/controllers/modules_controller.rb:6:in `include'
app/controllers/modules_controller.rb:6:in `<class:ModulesController>'
app/controllers/modules_controller.rb:4:in `<main>'
Started GET "/modules/index" for 127.0.0.1 at 2023-11-20 11:08:04 +0100
Processing by ModulesController#index as HTML
  Rendering layout layouts/application.html.erb
  Rendering modules/index.html.erb within layouts/application
  Rendered modules/index.html.erb within layouts/application (Duration: 0.3ms | Allocations: 87)
  Rendered layout layouts/application.html.erb (Duration: 31.0ms | Allocations: 14434)
Completed 200 OK in 44ms (Views: 37.3ms | ActiveRecord: 0.0ms | Allocations: 15352)


Started GET "/modules/index" for 127.0.0.1 at 2023-11-20 11:08:13 +0100
Processing by ModulesController#index as HTML
  Rendering layout layouts/application.html.erb
  Rendering modules/index.html.erb within layouts/application
  Rendered modules/index.html.erb within layouts/application (Duration: 0.4ms | Allocations: 87)
  Rendered layout layouts/application.html.erb (Duration: 30.6ms | Allocations: 14423)
Completed 200 OK in 43ms (Views: 37.4ms | ActiveRecord: 0.0ms | Allocations: 15339)


Started GET "/modules/index" for 127.0.0.1 at 2023-11-20 11:09:32 +0100
Processing by ModulesController#index as HTML
  Rendering layout layouts/application.html.erb
  Rendering modules/index.html.erb within layouts/application
  Rendered modules/index.html.erb within layouts/application (Duration: 0.3ms | Allocations: 87)
  Rendered layout layouts/application.html.erb (Duration: 29.5ms | Allocations: 14415)
Completed 200 OK in 52ms (Views: 36.3ms | ActiveRecord: 0.0ms | Allocations: 15331)


Started GET "/modules/index" for 127.0.0.1 at 2023-11-20 11:09:47 +0100
  
TypeError (wrong argument type String (expected Module)):
  
app/controllers/modules_controller.rb:7:in `include'
app/controllers/modules_controller.rb:7:in `<class:ModulesController>'
app/controllers/modules_controller.rb:5:in `<main>'
Started GET "/modules/index" for 127.0.0.1 at 2023-11-20 11:10:16 +0100
  
TypeError (wrong argument type String (expected Module)):
  
app/controllers/modules_controller.rb:7:in `include'
app/controllers/modules_controller.rb:7:in `<class:ModulesController>'
app/controllers/modules_controller.rb:5:in `<main>'
Started GET "/modules/index" for 127.0.0.1 at 2023-11-20 11:10:29 +0100
  
TypeError (wrong argument type String (expected Module)):
  
app/controllers/modules_controller.rb:7:in `include'
app/controllers/modules_controller.rb:7:in `<class:ModulesController>'
app/controllers/modules_controller.rb:5:in `<main>'
Started GET "/modules/index" for 127.0.0.1 at 2023-11-20 11:10:48 +0100
  
TypeError (wrong argument type String (expected Module)):
  
app/controllers/modules_controller.rb:6:in `include'
app/controllers/modules_controller.rb:6:in `<class:ModulesController>'
app/controllers/modules_controller.rb:4:in `<main>'
Started GET "/modules/index" for 127.0.0.1 at 2023-11-20 11:11:43 +0100
  
TypeError (wrong argument type String (expected Module)):
  
app/controllers/modules_controller.rb:6:in `include'
app/controllers/modules_controller.rb:6:in `<class:ModulesController>'
app/controllers/modules_controller.rb:4:in `<main>'
Started GET "/modules/index" for 127.0.0.1 at 2023-11-20 11:11:48 +0100
  
TypeError (wrong argument type String (expected Module)):
  
app/controllers/modules_controller.rb:6:in `include'
app/controllers/modules_controller.rb:6:in `<class:ModulesController>'
app/controllers/modules_controller.rb:4:in `<main>'
Started GET "/modules/index" for 127.0.0.1 at 2023-11-20 11:14:33 +0100
  
TypeError (wrong argument type String (expected Module)):
  
app/controllers/modules_controller.rb:9:in `include'
app/controllers/modules_controller.rb:9:in `<class:ModulesController>'
app/controllers/modules_controller.rb:7:in `<main>'
Started GET "/modules/index" for 127.0.0.1 at 2023-11-20 11:16:05 +0100
Processing by ModulesController#index as HTML
Completed 500 Internal Server Error in 4ms (ActiveRecord: 0.0ms | Allocations: 464)


  
NoMethodError (undefined method `new' for Matika:Module):
  
app/controllers/modules_controller.rb:11:in `index'
Started GET "/modules/index" for 127.0.0.1 at 2023-11-20 11:16:43 +0100
Processing by ModulesController#index as HTML
Completed 500 Internal Server Error in 3ms (ActiveRecord: 0.0ms | Allocations: 445)


  
NoMethodError (undefined method `new' for Matika:Module):
  
app/controllers/modules_controller.rb:8:in `index'
Started GET "/modules/index" for 127.0.0.1 at 2023-11-20 11:17:08 +0100
Processing by ModulesController#index as HTML
Completed 500 Internal Server Error in 3ms (ActiveRecord: 0.0ms | Allocations: 513)


  
NameError (undefined local variable or method `shared_method' for #<ModulesController:0x0000000007f6c0>):
  
app/controllers/modules_controller.rb:8:in `index'
Started GET "/modules/index" for 127.0.0.1 at 2023-11-20 11:17:17 +0100
Processing by ModulesController#index as HTML
Completed 500 Internal Server Error in 3ms (ActiveRecord: 0.0ms | Allocations: 445)


  
NoMethodError (undefined method `shared_method' for Matika:Module):
  
app/controllers/modules_controller.rb:8:in `index'
Started GET "/modules/index" for 127.0.0.1 at 2023-11-20 11:17:30 +0100
Processing by ModulesController#index as HTML
Completed 500 Internal Server Error in 3ms (ActiveRecord: 0.0ms | Allocations: 464)


  
NoMethodError (undefined method `shared_method' for Matika:Module):
  
app/controllers/modules_controller.rb:8:in `index'
Started GET "/modules/index" for 127.0.0.1 at 2023-11-20 11:17:44 +0100
Processing by ModulesController#index as HTML
  Rendering layout layouts/application.html.erb
  Rendering modules/index.html.erb within layouts/application
  Rendered modules/index.html.erb within layouts/application (Duration: 0.3ms | Allocations: 87)
  Rendered layout layouts/application.html.erb (Duration: 29.0ms | Allocations: 14416)
Completed 200 OK in 40ms (Views: 35.0ms | ActiveRecord: 0.0ms | Allocations: 15334)


Started GET "/modules/index" for 127.0.0.1 at 2023-11-20 11:23:56 +0100
Processing by ModulesController#index as HTML
Completed 500 Internal Server Error in 4ms (ActiveRecord: 0.0ms | Allocations: 447)


  
NoMethodError (undefined method `new' for Matika:Module):
  
app/controllers/modules_controller.rb:10:in `index'
Started GET "/modules/index" for 127.0.0.1 at 2023-11-20 11:24:40 +0100
Processing by ModulesController#index as HTML
Completed 500 Internal Server Error in 4ms (ActiveRecord: 0.0ms | Allocations: 450)


  
NameError (undefined local variable or method `metoda_modulu' for #<ModulesController:0x0000000008e530>):
  
app/controllers/modules_controller.rb:10:in `index'
Started GET "/modules/index" for 127.0.0.1 at 2023-11-20 11:24:58 +0100
Processing by ModulesController#index as HTML
  Rendering layout layouts/application.html.erb
  Rendering modules/index.html.erb within layouts/application
  Rendered modules/index.html.erb within layouts/application (Duration: 0.4ms | Allocations: 87)
  Rendered layout layouts/application.html.erb (Duration: 29.2ms | Allocations: 14407)
Completed 200 OK in 39ms (Views: 35.0ms | ActiveRecord: 0.0ms | Allocations: 15323)


Started GET "/modules/index" for 127.0.0.1 at 2023-11-20 11:25:14 +0100
Processing by ModulesController#index as HTML
  Rendering layout layouts/application.html.erb
  Rendering modules/index.html.erb within layouts/application
  Rendered modules/index.html.erb within layouts/application (Duration: 0.3ms | Allocations: 87)
  Rendered layout layouts/application.html.erb (Duration: 28.5ms | Allocations: 14425)
Completed 200 OK in 39ms (Views: 34.1ms | ActiveRecord: 0.0ms | Allocations: 15340)


Started GET "/modules/index" for 127.0.0.1 at 2023-11-20 11:25:20 +0100
Processing by ModulesController#index as HTML
  Rendering layout layouts/application.html.erb
  Rendering modules/index.html.erb within layouts/application
  Rendered modules/index.html.erb within layouts/application (Duration: 0.1ms | Allocations: 7)
  Rendered layout layouts/application.html.erb (Duration: 7.0ms | Allocations: 2177)
Completed 200 OK in 11ms (Views: 8.1ms | ActiveRecord: 0.0ms | Allocations: 2439)


Started GET "/modules/index" for 127.0.0.1 at 2023-11-20 11:25:31 +0100
Processing by ModulesController#index as HTML
Completed 500 Internal Server Error in 3ms (ActiveRecord: 0.0ms | Allocations: 505)


  
NoMethodError (undefined method `new' for Matika:Module):
  
app/controllers/modules_controller.rb:11:in `index'
Started GET "/modules/index" for 127.0.0.1 at 2023-11-20 11:26:19 +0100
  
NameError (uninitialized constant ModulesController::ModulProInclude):
  
app/controllers/modules_controller.rb:6:in `<class:ModulesController>'
app/controllers/modules_controller.rb:4:in `<main>'
Started GET "/modules/index" for 127.0.0.1 at 2023-11-20 11:27:25 +0100
  
LoadError (cannot load such file -- C:/Users/lpesek/Documents/Projekty/tutorial/Ruby/rubydev/oop/app/controllers/..modules/modul_pro_include):
  
app/controllers/modules_controller.rb:3:in `require_relative'
app/controllers/modules_controller.rb:3:in `<main>'
Started GET "/modules/index" for 127.0.0.1 at 2023-11-20 11:27:34 +0100
Processing by ModulesController#index as HTML
  Rendering layout layouts/application.html.erb
  Rendering modules/index.html.erb within layouts/application
  Rendered modules/index.html.erb within layouts/application (Duration: 0.4ms | Allocations: 83)
  Rendered layout layouts/application.html.erb (Duration: 94.2ms | Allocations: 14446)
Completed 200 OK in 109ms (Views: 103.5ms | ActiveRecord: 0.0ms | Allocations: 15359)


Started GET "/modules/index" for 127.0.0.1 at 2023-11-20 11:27:53 +0100
Processing by ModulesController#index as HTML
Completed 500 Internal Server Error in 4ms (ActiveRecord: 0.0ms | Allocations: 505)


  
NoMethodError (undefined method `new' for ModulProInclude:Module):
  
app/controllers/modules_controller.rb:12:in `index'
Started GET "/modules/index" for 127.0.0.1 at 2023-11-20 11:28:10 +0100
  
NoMethodError (undefined method `new' for ModulProInclude:Module):
  
app/controllers/modules_controller.rb:13:in `<class:ModulesController>'
app/controllers/modules_controller.rb:5:in `<main>'
Started GET "/modules/index" for 127.0.0.1 at 2023-11-20 11:28:35 +0100
Processing by ModulesController#index as HTML
  Rendering layout layouts/application.html.erb
  Rendering modules/index.html.erb within layouts/application
  Rendered modules/index.html.erb within layouts/application (Duration: 0.3ms | Allocations: 87)
  Rendered layout layouts/application.html.erb (Duration: 28.9ms | Allocations: 14409)
Completed 200 OK in 42ms (Views: 35.1ms | ActiveRecord: 0.0ms | Allocations: 15329)


Started GET "/modules/index" for 127.0.0.1 at 2023-11-20 11:29:22 +0100
Processing by ModulesController#index as HTML
Completed 500 Internal Server Error in 7ms (ActiveRecord: 0.0ms | Allocations: 451)


  
NoMethodError (undefined method `count_z_includu' for #<ModulesController:0x000000000b3790>):
  
app/controllers/modules_controller.rb:12:in `index'
Started GET "/modules/index" for 127.0.0.1 at 2023-11-20 11:30:15 +0100
Processing by ModulesController#index as HTML
Completed 500 Internal Server Error in 3ms (ActiveRecord: 0.0ms | Allocations: 448)


  
NoMethodError (undefined method `count_z_includu' for #<ModulesController:0x000000000b7570>):
  
app/controllers/modules_controller.rb:12:in `index'
Started GET "/modules/index" for 127.0.0.1 at 2023-11-20 11:30:36 +0100
Processing by ModulesController#index as HTML
Completed 500 Internal Server Error in 3ms (ActiveRecord: 0.0ms | Allocations: 505)


  
NameError (undefined local variable or method `count_z_includu' for #<ModulesController:0x000000000bb300>):
  
app/controllers/modules_controller.rb:12:in `index'
Started GET "/modules/index" for 127.0.0.1 at 2023-11-20 11:30:46 +0100
Processing by ModulesController#index as HTML
Completed 500 Internal Server Error in 3ms (ActiveRecord: 0.0ms | Allocations: 449)


  
NameError (undefined local variable or method `count_z_includu' for #<ModulesController:0x000000000bf0e0>):
  
app/controllers/modules_controller.rb:12:in `index'
Started GET "/modules/index" for 127.0.0.1 at 2023-11-20 11:30:54 +0100
Processing by ModulesController#index as HTML
Completed 500 Internal Server Error in 5ms (ActiveRecord: 0.0ms | Allocations: 466)


  
NameError (undefined local variable or method `count_z_includu' for #<ModulesController:0x000000000bf428>):
  
app/controllers/modules_controller.rb:12:in `index'
Started GET "/modules/index" for 127.0.0.1 at 2023-11-20 11:31:46 +0100
Processing by ModulesController#index as HTML
Completed 500 Internal Server Error in 4ms (ActiveRecord: 0.0ms | Allocations: 447)


  
NameError (undefined local variable or method `count_z_includu' for #<ModulesController:0x000000000c3258>):
  
app/controllers/modules_controller.rb:12:in `index'
Started GET "/modules/index" for 127.0.0.1 at 2023-11-20 11:32:12 +0100
Processing by ModulesController#index as HTML
Completed 500 Internal Server Error in 3ms (ActiveRecord: 0.0ms | Allocations: 505)


  
NameError (undefined local variable or method `count_z_includu' for #<ModulesController:0x000000000c70b0>):
  
app/controllers/modules_controller.rb:12:in `index'
Started GET "/modules/index" for 127.0.0.1 at 2023-11-20 11:32:55 +0100
Processing by ModulesController#index as HTML
Completed 500 Internal Server Error in 3ms (ActiveRecord: 0.0ms | Allocations: 465)


  
NameError (undefined local variable or method `count_z_includu' for #<ModulesController:0x000000000c7420>):
  
app/controllers/modules_controller.rb:12:in `index'
Started GET "/modules/index" for 127.0.0.1 at 2023-11-20 11:33:04 +0100
Processing by ModulesController#index as HTML
  Rendering layout layouts/application.html.erb
  Rendering modules/index.html.erb within layouts/application
  Rendered modules/index.html.erb within layouts/application (Duration: 0.7ms | Allocations: 87)
  Rendered layout layouts/application.html.erb (Duration: 54.2ms | Allocations: 14413)
Completed 200 OK in 72ms (Views: 65.0ms | ActiveRecord: 0.0ms | Allocations: 15331)


Started GET "/modules/index" for 127.0.0.1 at 2023-11-20 11:33:08 +0100
Processing by ModulesController#index as HTML
Completed 500 Internal Server Error in 3ms (ActiveRecord: 0.0ms | Allocations: 505)


  
NameError (undefined local variable or method `count_z_includu' for #<ModulesController:0x000000000cee28>):
  
app/controllers/modules_controller.rb:12:in `index'
Started GET "/modules/index" for 127.0.0.1 at 2023-11-20 11:33:25 +0100
Processing by ModulesController#index as HTML
Completed 500 Internal Server Error in 3ms (ActiveRecord: 0.0ms | Allocations: 505)


  
NameError (undefined local variable or method `count_z_includu' for #<ModulesController:0x000000000d2cd0>):
  
app/controllers/modules_controller.rb:13:in `index'
Started GET "/modules/index" for 127.0.0.1 at 2023-11-20 11:33:37 +0100
Processing by ModulesController#index as HTML
Completed 500 Internal Server Error in 4ms (ActiveRecord: 0.0ms | Allocations: 447)


  
NameError (undefined local variable or method `count_z_includu' for #<ModulesController:0x000000000d6b78>):
  
app/controllers/modules_controller.rb:11:in `index'
Started GET "/modules/index" for 127.0.0.1 at 2023-11-20 11:33:45 +0100
Processing by ModulesController#index as HTML
Completed 500 Internal Server Error in 3ms (ActiveRecord: 0.0ms | Allocations: 506)


  
NameError (undefined local variable or method `metoda_modulu' for #<ModulesController:0x000000000daa48>):
  
app/controllers/modules_controller.rb:13:in `index'
Started GET "/modules/index" for 127.0.0.1 at 2023-11-20 11:33:50 +0100
Processing by ModulesController#index as HTML
Completed 500 Internal Server Error in 3ms (ActiveRecord: 0.0ms | Allocations: 505)


  
NameError (undefined local variable or method `count_z_includu' for #<ModulesController:0x000000000de940>):
  
app/controllers/modules_controller.rb:11:in `index'
Started GET "/modules/index" for 127.0.0.1 at 2023-11-20 11:33:58 +0100
Started GET "/modules/index" for 127.0.0.1 at 2023-11-20 11:33:58 +0100
Processing by ModulesController#index as HTML
Processing by ModulesController#index as HTML
Completed 500 Internal Server Error in 6ms (ActiveRecord: 0.0ms | Allocations: 654)


  
NameError (undefined local variable or method `count_z_includu' for #<ModulesController:0x000000000e2928>):
  
app/controllers/modules_controller.rb:12:in `index'
Completed 500 Internal Server Error in 157ms (ActiveRecord: 0.0ms | Allocations: 137675)


  
NameError (undefined local variable or method `count_z_includu' for #<ModulesController:0x000000000e2978>):
  
app/controllers/modules_controller.rb:12:in `index'
Started GET "/modules/index" for 127.0.0.1 at 2023-11-20 11:34:27 +0100
Processing by ModulesController#index as HTML
Completed 500 Internal Server Error in 3ms (ActiveRecord: 0.0ms | Allocations: 465)


  
NameError (undefined local variable or method `count_z_includu' for #<ModulesController:0x000000000e2f90>):
  
app/controllers/modules_controller.rb:12:in `index'
Started GET "/modules/index" for 127.0.0.1 at 2023-11-20 11:34:39 +0100
Processing by ModulesController#index as HTML
Completed 500 Internal Server Error in 4ms (ActiveRecord: 0.0ms | Allocations: 465)


  
NameError (undefined local variable or method `count_z_includu' for #<ModulesController:0x000000000e32d8>):
  
app/controllers/modules_controller.rb:12:in `index'
Started GET "/modules/index" for 127.0.0.1 at 2023-11-20 11:34:48 +0100
Processing by ModulesController#index as HTML
Completed 500 Internal Server Error in 4ms (ActiveRecord: 0.0ms | Allocations: 448)


  
NameError (undefined local variable or method `aaa' for #<ModulesController:0x000000000e7248>):
  
app/controllers/modules_controller.rb:12:in `index'
Started GET "/modules/index" for 127.0.0.1 at 2023-11-20 11:35:47 +0100
  [1m[36mActiveRecord::SchemaMigration Load (0.2ms)[0m  [1m[34mSELECT "schema_migrations"."version" FROM "schema_migrations" ORDER BY "schema_migrations"."version" ASC[0m
Processing by ModulesController#index as HTML
  Rendering layout layouts/application.html.erb
  Rendering modules/index.html.erb within layouts/application
  Rendered modules/index.html.erb within layouts/application (Duration: 4.0ms | Allocations: 176)
  Rendered layout layouts/application.html.erb (Duration: 202.2ms | Allocations: 38281)
Completed 200 OK in 271ms (Views: 224.1ms | ActiveRecord: 0.0ms | Allocations: 43137)


Started GET "/modules/index" for 127.0.0.1 at 2023-11-20 11:36:10 +0100
Processing by ModulesController#index as HTML
Completed 500 Internal Server Error in 4ms (ActiveRecord: 0.0ms | Allocations: 468)


  
ArgumentError (wrong number of arguments (given 2, expected 0)):
  
app/modules/matika.rb:9:in `count_jako_include'
app/controllers/modules_controller.rb:12:in `index'
Started GET "/modules/index" for 127.0.0.1 at 2023-11-20 11:36:19 +0100
Processing by ModulesController#index as HTML
  Rendering layout layouts/application.html.erb
  Rendering modules/index.html.erb within layouts/application
  Rendered modules/index.html.erb within layouts/application (Duration: 0.4ms | Allocations: 87)
  Rendered layout layouts/application.html.erb (Duration: 27.1ms | Allocations: 14365)
Completed 200 OK in 42ms (Views: 34.6ms | ActiveRecord: 0.0ms | Allocations: 15291)


Started GET "/modules/index" for 127.0.0.1 at 2023-11-20 11:36:25 +0100
Processing by ModulesController#index as HTML
  Rendering layout layouts/application.html.erb
  Rendering modules/index.html.erb within layouts/application
  Rendered modules/index.html.erb within layouts/application (Duration: 0.3ms | Allocations: 87)
  Rendered layout layouts/application.html.erb (Duration: 32.4ms | Allocations: 14360)
Completed 200 OK in 44ms (Views: 38.4ms | ActiveRecord: 0.0ms | Allocations: 15286)


